10:13:04:860 SpringBootJpa {restartedMain} INFO  com.SpringBoot.ibats.Application - Starting Application on MS-20170612RTGD with PID 8480 (F:\SPF\idea\springbootibatis\target\classes started by Administrator in F:\SPF\idea\springbootibatis)
10:13:04:863 SpringBootJpa {restartedMain} INFO  com.SpringBoot.ibats.Application - The following profiles are active: dev
10:13:05:127 SpringBootJpa {background-preinit} INFO  o.h.validator.internal.util.Version - HV000001: Hibernate Validator 5.2.4.Final
10:13:05:309 SpringBootJpa {restartedMain} INFO  o.s.b.c.e.AnnotationConfigEmbeddedWebApplicationContext - Refreshing org.springframework.boot.context.embedded.AnnotationConfigEmbeddedWebApplicationContext@50334ea9: startup date [Mon Jul 10 10:13:05 GMT+08:00 2017]; root of context hierarchy
10:13:06:614 SpringBootJpa {restartedMain} INFO  o.s.c.s.PostProcessorRegistrationDelegate$BeanPostProcessorChecker - Bean 'org.springframework.transaction.annotation.ProxyTransactionManagementConfiguration' of type [org.springframework.transaction.annotation.ProxyTransactionManagementConfiguration$$EnhancerBySpringCGLIB$$dd14c3c0] is not eligible for getting processed by all BeanPostProcessors (for example: not eligible for auto-proxying)
10:13:07:181 SpringBootJpa {restartedMain} INFO  o.s.b.c.e.t.TomcatEmbeddedServletContainer - Tomcat initialized with port(s): 9482 (http)
10:13:07:205 SpringBootJpa {restartedMain} INFO  o.a.catalina.core.StandardService - Starting service Tomcat
10:13:07:206 SpringBootJpa {restartedMain} INFO  o.a.catalina.core.StandardEngine - Starting Servlet Engine: Apache Tomcat/8.5.11
10:13:07:291 SpringBootJpa {localhost-startStop-1} INFO  o.a.c.c.C.[Tomcat].[localhost].[/] - Initializing Spring embedded WebApplicationContext
10:13:07:292 SpringBootJpa {localhost-startStop-1} INFO  o.s.web.context.ContextLoader - Root WebApplicationContext: initialization completed in 1982 ms
10:13:07:417 SpringBootJpa {localhost-startStop-1} INFO  o.s.b.w.s.ServletRegistrationBean - Mapping servlet: 'dispatcherServlet' to [/]
10:13:07:420 SpringBootJpa {localhost-startStop-1} INFO  o.s.b.w.s.FilterRegistrationBean - Mapping filter: 'characterEncodingFilter' to: [/*]
10:13:07:420 SpringBootJpa {localhost-startStop-1} INFO  o.s.b.w.s.FilterRegistrationBean - Mapping filter: 'hiddenHttpMethodFilter' to: [/*]
10:13:07:420 SpringBootJpa {localhost-startStop-1} INFO  o.s.b.w.s.FilterRegistrationBean - Mapping filter: 'httpPutFormContentFilter' to: [/*]
10:13:07:421 SpringBootJpa {localhost-startStop-1} INFO  o.s.b.w.s.FilterRegistrationBean - Mapping filter: 'requestContextFilter' to: [/*]
10:13:08:071 SpringBootJpa {restartedMain} INFO  o.s.w.s.m.m.a.RequestMappingHandlerAdapter - Looking for @ControllerAdvice: org.springframework.boot.context.embedded.AnnotationConfigEmbeddedWebApplicationContext@50334ea9: startup date [Mon Jul 10 10:13:05 GMT+08:00 2017]; root of context hierarchy
10:13:08:261 SpringBootJpa {restartedMain} INFO  o.s.w.s.m.m.a.RequestMappingHandlerMapping - Mapped "{[/]}" onto public org.springframework.web.servlet.ModelAndView com.SpringBoot.ibats.controller.IndexController.index(org.springframework.ui.ModelMap)
10:13:08:262 SpringBootJpa {restartedMain} INFO  o.s.w.s.m.m.a.RequestMappingHandlerMapping - Mapped "{[/update]}" onto public void com.SpringBoot.ibats.controller.UserController.update()
10:13:08:263 SpringBootJpa {restartedMain} INFO  o.s.w.s.m.m.a.RequestMappingHandlerMapping - Mapped "{[/save]}" onto public void com.SpringBoot.ibats.controller.UserController.save()
10:13:08:263 SpringBootJpa {restartedMain} INFO  o.s.w.s.m.m.a.RequestMappingHandlerMapping - Mapped "{[/findAll]}" onto public void com.SpringBoot.ibats.controller.UserController.findAll()
10:13:08:263 SpringBootJpa {restartedMain} INFO  o.s.w.s.m.m.a.RequestMappingHandlerMapping - Mapped "{[/findId]}" onto public void com.SpringBoot.ibats.controller.UserController.findId()
10:13:08:263 SpringBootJpa {restartedMain} INFO  o.s.w.s.m.m.a.RequestMappingHandlerMapping - Mapped "{[/findpage]}" onto public void com.SpringBoot.ibats.controller.UserController.findpage()
10:13:08:263 SpringBootJpa {restartedMain} INFO  o.s.w.s.m.m.a.RequestMappingHandlerMapping - Mapped "{[/now]}" onto java.lang.String com.SpringBoot.ibats.test.Test1.hehe()
10:13:08:267 SpringBootJpa {restartedMain} INFO  o.s.w.s.m.m.a.RequestMappingHandlerMapping - Mapped "{[/error]}" onto public org.springframework.http.ResponseEntity<java.util.Map<java.lang.String, java.lang.Object>> org.springframework.boot.autoconfigure.web.BasicErrorController.error(javax.servlet.http.HttpServletRequest)
10:13:08:267 SpringBootJpa {restartedMain} INFO  o.s.w.s.m.m.a.RequestMappingHandlerMapping - Mapped "{[/error],produces=[text/html]}" onto public org.springframework.web.servlet.ModelAndView org.springframework.boot.autoconfigure.web.BasicErrorController.errorHtml(javax.servlet.http.HttpServletRequest,javax.servlet.http.HttpServletResponse)
10:13:08:347 SpringBootJpa {restartedMain} INFO  o.s.w.s.h.SimpleUrlHandlerMapping - Mapped URL path [/**/favicon.ico] onto handler of type [class org.springframework.web.servlet.resource.ResourceHttpRequestHandler]
10:13:09:151 SpringBootJpa {restartedMain} INFO  o.s.b.d.a.OptionalLiveReloadServer - LiveReload server is running on port 35729
10:13:09:294 SpringBootJpa {restartedMain} INFO  o.s.j.e.a.AnnotationMBeanExporter - Registering beans for JMX exposure on startup
10:13:09:296 SpringBootJpa {restartedMain} INFO  o.s.j.e.a.AnnotationMBeanExporter - Bean with name 'dataSource' has been autodetected for JMX exposure
10:13:09:301 SpringBootJpa {restartedMain} INFO  o.s.j.e.a.AnnotationMBeanExporter - Located MBean 'dataSource': registering with JMX server as MBean [com.alibaba.druid.pool:name=dataSource,type=DruidDataSource]
10:13:09:326 SpringBootJpa {restartedMain} INFO  o.a.coyote.http11.Http11NioProtocol - Initializing ProtocolHandler ["http-nio-9482"]
10:13:09:336 SpringBootJpa {restartedMain} INFO  o.a.coyote.http11.Http11NioProtocol - Starting ProtocolHandler [http-nio-9482]
10:13:09:346 SpringBootJpa {restartedMain} INFO  o.a.tomcat.util.net.NioSelectorPool - Using a shared selector for servlet write/read
10:13:09:391 SpringBootJpa {restartedMain} INFO  o.s.b.c.e.t.TomcatEmbeddedServletContainer - Tomcat started on port(s): 9482 (http)
10:13:09:397 SpringBootJpa {restartedMain} INFO  com.SpringBoot.ibats.Application - Started Application in 5.372 seconds (JVM running for 6.408)
16:31:11:852 SpringBootJpa {restartedMain} INFO  com.SpringBoot.ibats.Application - Starting Application on MS-20170612RTGD with PID 6276 (F:\SPF\idea\springbootibatis\target\classes started by Administrator in F:\SPF\idea\springbootibatis)
16:31:11:852 SpringBootJpa {restartedMain} INFO  com.SpringBoot.ibats.Application - The following profiles are active: dev
16:31:12:024 SpringBootJpa {background-preinit} INFO  o.h.validator.internal.util.Version - HV000001: Hibernate Validator 5.2.4.Final
16:31:12:227 SpringBootJpa {restartedMain} INFO  o.s.b.c.e.AnnotationConfigEmbeddedWebApplicationContext - Refreshing org.springframework.boot.context.embedded.AnnotationConfigEmbeddedWebApplicationContext@50334ea9: startup date [Mon Jul 10 16:31:12 GMT+08:00 2017]; root of context hierarchy
16:31:13:304 SpringBootJpa {restartedMain} INFO  o.s.c.s.PostProcessorRegistrationDelegate$BeanPostProcessorChecker - Bean 'org.springframework.transaction.annotation.ProxyTransactionManagementConfiguration' of type [org.springframework.transaction.annotation.ProxyTransactionManagementConfiguration$$EnhancerBySpringCGLIB$$7e625b6e] is not eligible for getting processed by all BeanPostProcessors (for example: not eligible for auto-proxying)
16:31:13:766 SpringBootJpa {restartedMain} INFO  o.s.b.c.e.t.TomcatEmbeddedServletContainer - Tomcat initialized with port(s): 9482 (http)
16:31:13:782 SpringBootJpa {restartedMain} INFO  o.a.catalina.core.StandardService - Starting service Tomcat
16:31:13:782 SpringBootJpa {restartedMain} INFO  o.a.catalina.core.StandardEngine - Starting Servlet Engine: Apache Tomcat/8.5.11
16:31:13:876 SpringBootJpa {localhost-startStop-1} INFO  o.a.c.c.C.[Tomcat].[localhost].[/] - Initializing Spring embedded WebApplicationContext
16:31:13:876 SpringBootJpa {localhost-startStop-1} INFO  o.s.web.context.ContextLoader - Root WebApplicationContext: initialization completed in 1649 ms
16:31:14:032 SpringBootJpa {localhost-startStop-1} INFO  o.s.b.w.s.ServletRegistrationBean - Mapping servlet: 'dispatcherServlet' to [/]
16:31:14:032 SpringBootJpa {localhost-startStop-1} INFO  o.s.b.w.s.FilterRegistrationBean - Mapping filter: 'characterEncodingFilter' to: [/*]
16:31:14:032 SpringBootJpa {localhost-startStop-1} INFO  o.s.b.w.s.FilterRegistrationBean - Mapping filter: 'hiddenHttpMethodFilter' to: [/*]
16:31:14:032 SpringBootJpa {localhost-startStop-1} INFO  o.s.b.w.s.FilterRegistrationBean - Mapping filter: 'httpPutFormContentFilter' to: [/*]
16:31:14:032 SpringBootJpa {localhost-startStop-1} INFO  o.s.b.w.s.FilterRegistrationBean - Mapping filter: 'requestContextFilter' to: [/*]
16:31:14:502 SpringBootJpa {restartedMain} INFO  o.s.w.s.m.m.a.RequestMappingHandlerAdapter - Looking for @ControllerAdvice: org.springframework.boot.context.embedded.AnnotationConfigEmbeddedWebApplicationContext@50334ea9: startup date [Mon Jul 10 16:31:12 GMT+08:00 2017]; root of context hierarchy
16:31:14:659 SpringBootJpa {restartedMain} INFO  o.s.w.s.m.m.a.RequestMappingHandlerMapping - Mapped "{[/]}" onto public org.springframework.web.servlet.ModelAndView com.SpringBoot.ibats.controller.IndexController.index(org.springframework.ui.ModelMap)
16:31:14:659 SpringBootJpa {restartedMain} INFO  o.s.w.s.m.m.a.RequestMappingHandlerMapping - Mapped "{[/update]}" onto public void com.SpringBoot.ibats.controller.UserController.update()
16:31:14:659 SpringBootJpa {restartedMain} INFO  o.s.w.s.m.m.a.RequestMappingHandlerMapping - Mapped "{[/save]}" onto public void com.SpringBoot.ibats.controller.UserController.save()
16:31:14:659 SpringBootJpa {restartedMain} INFO  o.s.w.s.m.m.a.RequestMappingHandlerMapping - Mapped "{[/findAll]}" onto public void com.SpringBoot.ibats.controller.UserController.findAll()
16:31:14:659 SpringBootJpa {restartedMain} INFO  o.s.w.s.m.m.a.RequestMappingHandlerMapping - Mapped "{[/findId]}" onto public void com.SpringBoot.ibats.controller.UserController.findId()
16:31:14:659 SpringBootJpa {restartedMain} INFO  o.s.w.s.m.m.a.RequestMappingHandlerMapping - Mapped "{[/findpage]}" onto public void com.SpringBoot.ibats.controller.UserController.findpage()
16:31:14:659 SpringBootJpa {restartedMain} INFO  o.s.w.s.m.m.a.RequestMappingHandlerMapping - Mapped "{[/now]}" onto java.lang.String com.SpringBoot.ibats.test.Test1.hehe()
16:31:14:674 SpringBootJpa {restartedMain} INFO  o.s.w.s.m.m.a.RequestMappingHandlerMapping - Mapped "{[/error]}" onto public org.springframework.http.ResponseEntity<java.util.Map<java.lang.String, java.lang.Object>> org.springframework.boot.autoconfigure.web.BasicErrorController.error(javax.servlet.http.HttpServletRequest)
16:31:14:674 SpringBootJpa {restartedMain} INFO  o.s.w.s.m.m.a.RequestMappingHandlerMapping - Mapped "{[/error],produces=[text/html]}" onto public org.springframework.web.servlet.ModelAndView org.springframework.boot.autoconfigure.web.BasicErrorController.errorHtml(javax.servlet.http.HttpServletRequest,javax.servlet.http.HttpServletResponse)
16:31:14:737 SpringBootJpa {restartedMain} INFO  o.s.w.s.h.SimpleUrlHandlerMapping - Mapped URL path [/**/favicon.ico] onto handler of type [class org.springframework.web.servlet.resource.ResourceHttpRequestHandler]
16:31:15:408 SpringBootJpa {restartedMain} INFO  o.s.b.d.a.OptionalLiveReloadServer - LiveReload server is running on port 35729
16:31:15:517 SpringBootJpa {restartedMain} INFO  o.s.j.e.a.AnnotationMBeanExporter - Registering beans for JMX exposure on startup
16:31:15:517 SpringBootJpa {restartedMain} INFO  o.s.j.e.a.AnnotationMBeanExporter - Bean with name 'dataSource' has been autodetected for JMX exposure
16:31:15:517 SpringBootJpa {restartedMain} INFO  o.s.j.e.a.AnnotationMBeanExporter - Located MBean 'dataSource': registering with JMX server as MBean [com.alibaba.druid.pool:name=dataSource,type=DruidDataSource]
16:31:15:532 SpringBootJpa {restartedMain} INFO  o.a.coyote.http11.Http11NioProtocol - Initializing ProtocolHandler ["http-nio-9482"]
16:31:15:548 SpringBootJpa {restartedMain} INFO  o.a.coyote.http11.Http11NioProtocol - Starting ProtocolHandler [http-nio-9482]
16:31:15:548 SpringBootJpa {restartedMain} ERROR o.a.coyote.http11.Http11NioProtocol - Failed to start end point associated with ProtocolHandler [http-nio-9482]
java.net.BindException: Address already in use: bind
	at sun.nio.ch.Net.bind0(Native Method)
	at sun.nio.ch.Net.bind(Net.java:433)
	at sun.nio.ch.Net.bind(Net.java:425)
	at sun.nio.ch.ServerSocketChannelImpl.bind(ServerSocketChannelImpl.java:223)
	at sun.nio.ch.ServerSocketAdaptor.bind(ServerSocketAdaptor.java:74)
	at org.apache.tomcat.util.net.NioEndpoint.bind(NioEndpoint.java:210)
	at org.apache.tomcat.util.net.AbstractEndpoint.start(AbstractEndpoint.java:980)
	at org.apache.coyote.AbstractProtocol.start(AbstractProtocol.java:573)
	at org.apache.catalina.connector.Connector.startInternal(Connector.java:993)
	at org.apache.catalina.util.LifecycleBase.start(LifecycleBase.java:150)
	at org.apache.catalina.core.StandardService.addConnector(StandardService.java:225)
	at org.springframework.boot.context.embedded.tomcat.TomcatEmbeddedServletContainer.addPreviouslyRemovedConnectors(TomcatEmbeddedServletContainer.java:247)
	at org.springframework.boot.context.embedded.tomcat.TomcatEmbeddedServletContainer.start(TomcatEmbeddedServletContainer.java:190)
	at org.springframework.boot.context.embedded.EmbeddedWebApplicationContext.startEmbeddedServletContainer(EmbeddedWebApplicationContext.java:297)
	at org.springframework.boot.context.embedded.EmbeddedWebApplicationContext.finishRefresh(EmbeddedWebApplicationContext.java:145)
	at org.springframework.context.support.AbstractApplicationContext.refresh(AbstractApplicationContext.java:545)
	at org.springframework.boot.context.embedded.EmbeddedWebApplicationContext.refresh(EmbeddedWebApplicationContext.java:122)
	at org.springframework.boot.SpringApplication.refresh(SpringApplication.java:762)
	at org.springframework.boot.SpringApplication.refreshContext(SpringApplication.java:372)
	at org.springframework.boot.SpringApplication.run(SpringApplication.java:316)
	at org.springframework.boot.SpringApplication.run(SpringApplication.java:1187)
	at org.springframework.boot.SpringApplication.run(SpringApplication.java:1176)
	at com.SpringBoot.ibats.Application.main(Application.java:24)
	at sun.reflect.NativeMethodAccessorImpl.invoke0(Native Method)
	at sun.reflect.NativeMethodAccessorImpl.invoke(NativeMethodAccessorImpl.java:62)
	at sun.reflect.DelegatingMethodAccessorImpl.invoke(DelegatingMethodAccessorImpl.java:43)
	at java.lang.reflect.Method.invoke(Method.java:498)
	at org.springframework.boot.devtools.restart.RestartLauncher.run(RestartLauncher.java:49)
16:31:15:548 SpringBootJpa {restartedMain} ERROR o.a.catalina.core.StandardService - Failed to start connector [Connector[HTTP/1.1-9482]]
org.apache.catalina.LifecycleException: Failed to start component [Connector[HTTP/1.1-9482]]
	at org.apache.catalina.util.LifecycleBase.start(LifecycleBase.java:167)
	at org.apache.catalina.core.StandardService.addConnector(StandardService.java:225)
	at org.springframework.boot.context.embedded.tomcat.TomcatEmbeddedServletContainer.addPreviouslyRemovedConnectors(TomcatEmbeddedServletContainer.java:247)
	at org.springframework.boot.context.embedded.tomcat.TomcatEmbeddedServletContainer.start(TomcatEmbeddedServletContainer.java:190)
	at org.springframework.boot.context.embedded.EmbeddedWebApplicationContext.startEmbeddedServletContainer(EmbeddedWebApplicationContext.java:297)
	at org.springframework.boot.context.embedded.EmbeddedWebApplicationContext.finishRefresh(EmbeddedWebApplicationContext.java:145)
	at org.springframework.context.support.AbstractApplicationContext.refresh(AbstractApplicationContext.java:545)
	at org.springframework.boot.context.embedded.EmbeddedWebApplicationContext.refresh(EmbeddedWebApplicationContext.java:122)
	at org.springframework.boot.SpringApplication.refresh(SpringApplication.java:762)
	at org.springframework.boot.SpringApplication.refreshContext(SpringApplication.java:372)
	at org.springframework.boot.SpringApplication.run(SpringApplication.java:316)
	at org.springframework.boot.SpringApplication.run(SpringApplication.java:1187)
	at org.springframework.boot.SpringApplication.run(SpringApplication.java:1176)
	at com.SpringBoot.ibats.Application.main(Application.java:24)
	at sun.reflect.NativeMethodAccessorImpl.invoke0(Native Method)
	at sun.reflect.NativeMethodAccessorImpl.invoke(NativeMethodAccessorImpl.java:62)
	at sun.reflect.DelegatingMethodAccessorImpl.invoke(DelegatingMethodAccessorImpl.java:43)
	at java.lang.reflect.Method.invoke(Method.java:498)
	at org.springframework.boot.devtools.restart.RestartLauncher.run(RestartLauncher.java:49)
Caused by: org.apache.catalina.LifecycleException: service.getName(): "Tomcat";  Protocol handler start failed
	at org.apache.catalina.connector.Connector.startInternal(Connector.java:1000)
	at org.apache.catalina.util.LifecycleBase.start(LifecycleBase.java:150)
	... 18 common frames omitted
Caused by: java.net.BindException: Address already in use: bind
	at sun.nio.ch.Net.bind0(Native Method)
	at sun.nio.ch.Net.bind(Net.java:433)
	at sun.nio.ch.Net.bind(Net.java:425)
	at sun.nio.ch.ServerSocketChannelImpl.bind(ServerSocketChannelImpl.java:223)
	at sun.nio.ch.ServerSocketAdaptor.bind(ServerSocketAdaptor.java:74)
	at org.apache.tomcat.util.net.NioEndpoint.bind(NioEndpoint.java:210)
	at org.apache.tomcat.util.net.AbstractEndpoint.start(AbstractEndpoint.java:980)
	at org.apache.coyote.AbstractProtocol.start(AbstractProtocol.java:573)
	at org.apache.catalina.connector.Connector.startInternal(Connector.java:993)
	... 19 common frames omitted
16:31:15:564 SpringBootJpa {restartedMain} INFO  o.a.coyote.http11.Http11NioProtocol - Pausing ProtocolHandler ["http-nio-9482"]
16:31:15:564 SpringBootJpa {restartedMain} INFO  o.a.catalina.core.StandardService - Stopping service Tomcat
16:31:15:579 SpringBootJpa {restartedMain} INFO  o.apache.catalina.util.LifecycleBase - The stop() method was called on component [StandardServer[-1]] after stop() had already been called. The second call will be ignored.
16:31:15:579 SpringBootJpa {restartedMain} INFO  o.a.coyote.http11.Http11NioProtocol - Stopping ProtocolHandler ["http-nio-9482"]
16:31:15:579 SpringBootJpa {restartedMain} INFO  o.a.coyote.http11.Http11NioProtocol - Destroying ProtocolHandler ["http-nio-9482"]
16:31:15:579 SpringBootJpa {restartedMain} INFO  o.s.b.a.l.AutoConfigurationReportLoggingInitializer - 

Error starting ApplicationContext. To display the auto-configuration report re-run your application with 'debug' enabled.
16:31:15:595 SpringBootJpa {restartedMain} ERROR o.s.b.d.LoggingFailureAnalysisReporter - 

***************************
APPLICATION FAILED TO START
***************************

Description:

The Tomcat connector configured to listen on port 9482 failed to start. The port may already be in use or the connector may be misconfigured.

Action:

Verify the connector's configuration, identify and stop any process that's listening on port 9482, or configure this application to listen on another port.

16:31:15:595 SpringBootJpa {restartedMain} INFO  o.s.b.c.e.AnnotationConfigEmbeddedWebApplicationContext - Closing org.springframework.boot.context.embedded.AnnotationConfigEmbeddedWebApplicationContext@50334ea9: startup date [Mon Jul 10 16:31:12 GMT+08:00 2017]; root of context hierarchy
16:31:15:595 SpringBootJpa {restartedMain} INFO  o.s.j.e.a.AnnotationMBeanExporter - Unregistering JMX-exposed beans on shutdown
16:31:15:595 SpringBootJpa {restartedMain} INFO  o.s.j.e.a.AnnotationMBeanExporter - Unregistering JMX-exposed beans
16:32:16:654 SpringBootJpa {restartedMain} INFO  com.SpringBoot.ibats.Application - Starting Application on MS-20170612RTGD with PID 8920 (F:\SPF\idea\springbootibatis\target\classes started by Administrator in F:\SPF\idea\springbootibatis)
16:32:16:654 SpringBootJpa {restartedMain} INFO  com.SpringBoot.ibats.Application - The following profiles are active: dev
16:32:16:857 SpringBootJpa {background-preinit} INFO  o.h.validator.internal.util.Version - HV000001: Hibernate Validator 5.2.4.Final
16:32:16:999 SpringBootJpa {restartedMain} INFO  o.s.b.c.e.AnnotationConfigEmbeddedWebApplicationContext - Refreshing org.springframework.boot.context.embedded.AnnotationConfigEmbeddedWebApplicationContext@1d95db3f: startup date [Mon Jul 10 16:32:16 GMT+08:00 2017]; root of context hierarchy
16:32:18:056 SpringBootJpa {restartedMain} INFO  o.s.c.s.PostProcessorRegistrationDelegate$BeanPostProcessorChecker - Bean 'org.springframework.transaction.annotation.ProxyTransactionManagementConfiguration' of type [org.springframework.transaction.annotation.ProxyTransactionManagementConfiguration$$EnhancerBySpringCGLIB$$cba65f84] is not eligible for getting processed by all BeanPostProcessors (for example: not eligible for auto-proxying)
16:32:18:539 SpringBootJpa {restartedMain} INFO  o.s.b.c.e.t.TomcatEmbeddedServletContainer - Tomcat initialized with port(s): 9482 (http)
16:32:18:555 SpringBootJpa {restartedMain} INFO  o.a.catalina.core.StandardService - Starting service Tomcat
16:32:18:555 SpringBootJpa {restartedMain} INFO  o.a.catalina.core.StandardEngine - Starting Servlet Engine: Apache Tomcat/8.5.11
16:32:18:649 SpringBootJpa {localhost-startStop-1} INFO  o.a.c.c.C.[Tomcat].[localhost].[/] - Initializing Spring embedded WebApplicationContext
16:32:18:649 SpringBootJpa {localhost-startStop-1} INFO  o.s.web.context.ContextLoader - Root WebApplicationContext: initialization completed in 1650 ms
16:32:18:790 SpringBootJpa {localhost-startStop-1} INFO  o.s.b.w.s.ServletRegistrationBean - Mapping servlet: 'dispatcherServlet' to [/]
16:32:18:790 SpringBootJpa {localhost-startStop-1} INFO  o.s.b.w.s.FilterRegistrationBean - Mapping filter: 'characterEncodingFilter' to: [/*]
16:32:18:790 SpringBootJpa {localhost-startStop-1} INFO  o.s.b.w.s.FilterRegistrationBean - Mapping filter: 'hiddenHttpMethodFilter' to: [/*]
16:32:18:790 SpringBootJpa {localhost-startStop-1} INFO  o.s.b.w.s.FilterRegistrationBean - Mapping filter: 'httpPutFormContentFilter' to: [/*]
16:32:18:790 SpringBootJpa {localhost-startStop-1} INFO  o.s.b.w.s.FilterRegistrationBean - Mapping filter: 'requestContextFilter' to: [/*]
16:32:19:247 SpringBootJpa {restartedMain} INFO  o.s.w.s.m.m.a.RequestMappingHandlerAdapter - Looking for @ControllerAdvice: org.springframework.boot.context.embedded.AnnotationConfigEmbeddedWebApplicationContext@1d95db3f: startup date [Mon Jul 10 16:32:16 GMT+08:00 2017]; root of context hierarchy
16:32:19:419 SpringBootJpa {restartedMain} INFO  o.s.w.s.m.m.a.RequestMappingHandlerMapping - Mapped "{[/]}" onto public org.springframework.web.servlet.ModelAndView com.SpringBoot.ibats.controller.IndexController.index(org.springframework.ui.ModelMap)
16:32:19:419 SpringBootJpa {restartedMain} INFO  o.s.w.s.m.m.a.RequestMappingHandlerMapping - Mapped "{[/update]}" onto public void com.SpringBoot.ibats.controller.UserController.update()
16:32:19:435 SpringBootJpa {restartedMain} INFO  o.s.w.s.m.m.a.RequestMappingHandlerMapping - Mapped "{[/save]}" onto public void com.SpringBoot.ibats.controller.UserController.save()
16:32:19:435 SpringBootJpa {restartedMain} INFO  o.s.w.s.m.m.a.RequestMappingHandlerMapping - Mapped "{[/findAll]}" onto public void com.SpringBoot.ibats.controller.UserController.findAll()
16:32:19:435 SpringBootJpa {restartedMain} INFO  o.s.w.s.m.m.a.RequestMappingHandlerMapping - Mapped "{[/findId]}" onto public void com.SpringBoot.ibats.controller.UserController.findId()
16:32:19:435 SpringBootJpa {restartedMain} INFO  o.s.w.s.m.m.a.RequestMappingHandlerMapping - Mapped "{[/findpage]}" onto public void com.SpringBoot.ibats.controller.UserController.findpage()
16:32:19:435 SpringBootJpa {restartedMain} INFO  o.s.w.s.m.m.a.RequestMappingHandlerMapping - Mapped "{[/now]}" onto java.lang.String com.SpringBoot.ibats.test.Test1.hehe()
16:32:19:435 SpringBootJpa {restartedMain} INFO  o.s.w.s.m.m.a.RequestMappingHandlerMapping - Mapped "{[/error]}" onto public org.springframework.http.ResponseEntity<java.util.Map<java.lang.String, java.lang.Object>> org.springframework.boot.autoconfigure.web.BasicErrorController.error(javax.servlet.http.HttpServletRequest)
16:32:19:435 SpringBootJpa {restartedMain} INFO  o.s.w.s.m.m.a.RequestMappingHandlerMapping - Mapped "{[/error],produces=[text/html]}" onto public org.springframework.web.servlet.ModelAndView org.springframework.boot.autoconfigure.web.BasicErrorController.errorHtml(javax.servlet.http.HttpServletRequest,javax.servlet.http.HttpServletResponse)
16:32:19:513 SpringBootJpa {restartedMain} INFO  o.s.w.s.h.SimpleUrlHandlerMapping - Mapped URL path [/**/favicon.ico] onto handler of type [class org.springframework.web.servlet.resource.ResourceHttpRequestHandler]
16:32:20:137 SpringBootJpa {restartedMain} INFO  o.s.b.d.a.OptionalLiveReloadServer - LiveReload server is running on port 35729
16:32:20:261 SpringBootJpa {restartedMain} INFO  o.s.j.e.a.AnnotationMBeanExporter - Registering beans for JMX exposure on startup
16:32:20:277 SpringBootJpa {restartedMain} INFO  o.s.j.e.a.AnnotationMBeanExporter - Bean with name 'dataSource' has been autodetected for JMX exposure
16:32:20:277 SpringBootJpa {restartedMain} INFO  o.s.j.e.a.AnnotationMBeanExporter - Located MBean 'dataSource': registering with JMX server as MBean [com.alibaba.druid.pool:name=dataSource,type=DruidDataSource]
16:32:20:293 SpringBootJpa {restartedMain} INFO  o.a.coyote.http11.Http11NioProtocol - Initializing ProtocolHandler ["http-nio-9482"]
16:32:20:293 SpringBootJpa {restartedMain} INFO  o.a.coyote.http11.Http11NioProtocol - Starting ProtocolHandler [http-nio-9482]
16:32:20:308 SpringBootJpa {restartedMain} INFO  o.a.tomcat.util.net.NioSelectorPool - Using a shared selector for servlet write/read
16:32:20:324 SpringBootJpa {restartedMain} INFO  o.s.b.c.e.t.TomcatEmbeddedServletContainer - Tomcat started on port(s): 9482 (http)
16:32:20:339 SpringBootJpa {restartedMain} INFO  com.SpringBoot.ibats.Application - Started Application in 4.294 seconds (JVM running for 4.705)
16:32:37:819 SpringBootJpa {Thread-5} INFO  o.s.b.c.e.AnnotationConfigEmbeddedWebApplicationContext - Closing org.springframework.boot.context.embedded.AnnotationConfigEmbeddedWebApplicationContext@1d95db3f: startup date [Mon Jul 10 16:32:16 GMT+08:00 2017]; root of context hierarchy
16:32:37:819 SpringBootJpa {Thread-5} INFO  o.s.j.e.a.AnnotationMBeanExporter - Unregistering JMX-exposed beans on shutdown
16:32:37:819 SpringBootJpa {Thread-5} INFO  o.s.j.e.a.AnnotationMBeanExporter - Unregistering JMX-exposed beans
16:32:38:240 SpringBootJpa {restartedMain} INFO  com.SpringBoot.ibats.Application - Starting Application on MS-20170612RTGD with PID 8920 (F:\SPF\idea\springbootibatis\target\classes started by Administrator in F:\SPF\idea\springbootibatis)
16:32:38:240 SpringBootJpa {restartedMain} INFO  com.SpringBoot.ibats.Application - The following profiles are active: dev
16:32:38:240 SpringBootJpa {restartedMain} INFO  o.s.b.c.e.AnnotationConfigEmbeddedWebApplicationContext - Refreshing org.springframework.boot.context.embedded.AnnotationConfigEmbeddedWebApplicationContext@fb915f5: startup date [Mon Jul 10 16:32:38 GMT+08:00 2017]; root of context hierarchy
16:32:38:773 SpringBootJpa {restartedMain} INFO  o.s.c.s.PostProcessorRegistrationDelegate$BeanPostProcessorChecker - Bean 'org.springframework.transaction.annotation.ProxyTransactionManagementConfiguration' of type [org.springframework.transaction.annotation.ProxyTransactionManagementConfiguration$$EnhancerBySpringCGLIB$$cba65f84] is not eligible for getting processed by all BeanPostProcessors (for example: not eligible for auto-proxying)
16:32:38:847 SpringBootJpa {restartedMain} INFO  o.s.b.c.e.t.TomcatEmbeddedServletContainer - Tomcat initialized with port(s): 9482 (http)
16:32:38:848 SpringBootJpa {restartedMain} INFO  o.a.catalina.core.StandardService - Starting service Tomcat
16:32:38:848 SpringBootJpa {restartedMain} INFO  o.a.catalina.core.StandardEngine - Starting Servlet Engine: Apache Tomcat/8.5.11
16:32:38:856 SpringBootJpa {localhost-startStop-1} INFO  o.a.c.c.C.[Tomcat].[localhost].[/] - Initializing Spring embedded WebApplicationContext
16:32:38:857 SpringBootJpa {localhost-startStop-1} INFO  o.s.web.context.ContextLoader - Root WebApplicationContext: initialization completed in 617 ms
16:32:38:897 SpringBootJpa {localhost-startStop-1} INFO  o.s.b.w.s.ServletRegistrationBean - Mapping servlet: 'dispatcherServlet' to [/]
16:32:38:898 SpringBootJpa {localhost-startStop-1} INFO  o.s.b.w.s.FilterRegistrationBean - Mapping filter: 'characterEncodingFilter' to: [/*]
16:32:38:898 SpringBootJpa {localhost-startStop-1} INFO  o.s.b.w.s.FilterRegistrationBean - Mapping filter: 'hiddenHttpMethodFilter' to: [/*]
16:32:38:898 SpringBootJpa {localhost-startStop-1} INFO  o.s.b.w.s.FilterRegistrationBean - Mapping filter: 'httpPutFormContentFilter' to: [/*]
16:32:38:898 SpringBootJpa {localhost-startStop-1} INFO  o.s.b.w.s.FilterRegistrationBean - Mapping filter: 'requestContextFilter' to: [/*]
16:32:39:067 SpringBootJpa {restartedMain} INFO  o.s.w.s.m.m.a.RequestMappingHandlerAdapter - Looking for @ControllerAdvice: org.springframework.boot.context.embedded.AnnotationConfigEmbeddedWebApplicationContext@fb915f5: startup date [Mon Jul 10 16:32:38 GMT+08:00 2017]; root of context hierarchy
16:32:39:075 SpringBootJpa {restartedMain} INFO  o.s.w.s.m.m.a.RequestMappingHandlerMapping - Mapped "{[/]}" onto public org.springframework.web.servlet.ModelAndView com.SpringBoot.ibats.controller.IndexController.index(org.springframework.ui.ModelMap)
16:32:39:076 SpringBootJpa {restartedMain} INFO  o.s.w.s.m.m.a.RequestMappingHandlerMapping - Mapped "{[/update]}" onto public void com.SpringBoot.ibats.controller.UserController.update()
16:32:39:077 SpringBootJpa {restartedMain} INFO  o.s.w.s.m.m.a.RequestMappingHandlerMapping - Mapped "{[/save]}" onto public void com.SpringBoot.ibats.controller.UserController.save()
16:32:39:077 SpringBootJpa {restartedMain} INFO  o.s.w.s.m.m.a.RequestMappingHandlerMapping - Mapped "{[/findAll]}" onto public void com.SpringBoot.ibats.controller.UserController.findAll()
16:32:39:077 SpringBootJpa {restartedMain} INFO  o.s.w.s.m.m.a.RequestMappingHandlerMapping - Mapped "{[/findId]}" onto public void com.SpringBoot.ibats.controller.UserController.findId()
16:32:39:077 SpringBootJpa {restartedMain} INFO  o.s.w.s.m.m.a.RequestMappingHandlerMapping - Mapped "{[/findpage]}" onto public void com.SpringBoot.ibats.controller.UserController.findpage()
16:32:39:079 SpringBootJpa {restartedMain} INFO  o.s.w.s.m.m.a.RequestMappingHandlerMapping - Mapped "{[/now]}" onto java.lang.String com.SpringBoot.ibats.test.Test1.hehe()
16:32:39:081 SpringBootJpa {restartedMain} INFO  o.s.w.s.m.m.a.RequestMappingHandlerMapping - Mapped "{[/error]}" onto public org.springframework.http.ResponseEntity<java.util.Map<java.lang.String, java.lang.Object>> org.springframework.boot.autoconfigure.web.BasicErrorController.error(javax.servlet.http.HttpServletRequest)
16:32:39:082 SpringBootJpa {restartedMain} INFO  o.s.w.s.m.m.a.RequestMappingHandlerMapping - Mapped "{[/error],produces=[text/html]}" onto public org.springframework.web.servlet.ModelAndView org.springframework.boot.autoconfigure.web.BasicErrorController.errorHtml(javax.servlet.http.HttpServletRequest,javax.servlet.http.HttpServletResponse)
16:32:39:108 SpringBootJpa {restartedMain} INFO  o.s.w.s.h.SimpleUrlHandlerMapping - Mapped URL path [/**/favicon.ico] onto handler of type [class org.springframework.web.servlet.resource.ResourceHttpRequestHandler]
16:32:39:494 SpringBootJpa {restartedMain} INFO  o.s.b.d.a.OptionalLiveReloadServer - LiveReload server is running on port 35729
16:32:39:544 SpringBootJpa {restartedMain} INFO  o.s.j.e.a.AnnotationMBeanExporter - Registering beans for JMX exposure on startup
16:32:39:545 SpringBootJpa {restartedMain} INFO  o.s.j.e.a.AnnotationMBeanExporter - Bean with name 'dataSource' has been autodetected for JMX exposure
16:32:39:548 SpringBootJpa {restartedMain} INFO  o.s.j.e.a.AnnotationMBeanExporter - Located MBean 'dataSource': registering with JMX server as MBean [com.alibaba.druid.pool:name=dataSource,type=DruidDataSource]
16:32:39:554 SpringBootJpa {restartedMain} INFO  o.a.coyote.http11.Http11NioProtocol - Initializing ProtocolHandler ["http-nio-9482"]
16:32:39:554 SpringBootJpa {restartedMain} INFO  o.a.coyote.http11.Http11NioProtocol - Starting ProtocolHandler [http-nio-9482]
16:32:39:559 SpringBootJpa {restartedMain} INFO  o.a.tomcat.util.net.NioSelectorPool - Using a shared selector for servlet write/read
16:32:39:563 SpringBootJpa {restartedMain} INFO  o.s.b.c.e.t.TomcatEmbeddedServletContainer - Tomcat started on port(s): 9482 (http)
16:32:39:569 SpringBootJpa {restartedMain} INFO  com.SpringBoot.ibats.Application - Started Application in 1.407 seconds (JVM running for 23.933)
16:33:04:219 SpringBootJpa {restartedMain} INFO  com.SpringBoot.ibats.Application - Starting Application on MS-20170612RTGD with PID 2428 (F:\SPF\idea\springbootibatis\target\classes started by Administrator in F:\SPF\idea\springbootibatis)
16:33:04:219 SpringBootJpa {restartedMain} INFO  com.SpringBoot.ibats.Application - The following profiles are active: dev
16:33:04:469 SpringBootJpa {restartedMain} INFO  o.s.b.c.e.AnnotationConfigEmbeddedWebApplicationContext - Refreshing org.springframework.boot.context.embedded.AnnotationConfigEmbeddedWebApplicationContext@50334ea9: startup date [Mon Jul 10 16:33:04 GMT+08:00 2017]; root of context hierarchy
16:33:04:500 SpringBootJpa {background-preinit} INFO  o.h.validator.internal.util.Version - HV000001: Hibernate Validator 5.2.4.Final
16:33:05:499 SpringBootJpa {restartedMain} WARN  o.m.s.mapper.ClassPathMapperScanner - Skipping MapperFactoryBean with name 'userInfoMapper' and 'com.SpringBoot.ibats.mapper.UserInfoMapper' mapperInterface. Bean already defined with the same name!
16:33:05:499 SpringBootJpa {restartedMain} WARN  o.m.s.mapper.ClassPathMapperScanner - Skipping MapperFactoryBean with name 'userMapper' and 'com.SpringBoot.ibats.mapper.UserMapper' mapperInterface. Bean already defined with the same name!
16:33:05:499 SpringBootJpa {restartedMain} WARN  o.m.s.mapper.ClassPathMapperScanner - No MyBatis mapper was found in '[com.SpringBoot.ibats.mapper]' package. Please check your configuration.
16:33:05:499 SpringBootJpa {restartedMain} WARN  o.s.c.a.ConfigurationClassPostProcessor - Cannot enhance @Configuration bean definition 'myBatisMapperScannerConfig' since its singleton instance has been created too early. The typical cause is a non-static @Bean method with a BeanDefinitionRegistryPostProcessor return type: Consider declaring such methods as 'static'.
16:33:05:718 SpringBootJpa {restartedMain} INFO  o.s.c.s.PostProcessorRegistrationDelegate$BeanPostProcessorChecker - Bean 'org.springframework.transaction.annotation.ProxyTransactionManagementConfiguration' of type [org.springframework.transaction.annotation.ProxyTransactionManagementConfiguration$$EnhancerBySpringCGLIB$$f369139] is not eligible for getting processed by all BeanPostProcessors (for example: not eligible for auto-proxying)
16:33:06:171 SpringBootJpa {restartedMain} INFO  o.s.b.c.e.t.TomcatEmbeddedServletContainer - Tomcat initialized with port(s): 9482 (http)
16:33:06:171 SpringBootJpa {restartedMain} INFO  o.a.catalina.core.StandardService - Starting service Tomcat
16:33:06:171 SpringBootJpa {restartedMain} INFO  o.a.catalina.core.StandardEngine - Starting Servlet Engine: Apache Tomcat/8.5.11
16:33:06:249 SpringBootJpa {localhost-startStop-1} INFO  o.a.c.c.C.[Tomcat].[localhost].[/] - Initializing Spring embedded WebApplicationContext
16:33:06:249 SpringBootJpa {localhost-startStop-1} INFO  o.s.web.context.ContextLoader - Root WebApplicationContext: initialization completed in 1780 ms
16:33:06:421 SpringBootJpa {localhost-startStop-1} INFO  o.s.b.w.s.ServletRegistrationBean - Mapping servlet: 'dispatcherServlet' to [/]
16:33:06:437 SpringBootJpa {localhost-startStop-1} INFO  o.s.b.w.s.FilterRegistrationBean - Mapping filter: 'characterEncodingFilter' to: [/*]
16:33:06:437 SpringBootJpa {localhost-startStop-1} INFO  o.s.b.w.s.FilterRegistrationBean - Mapping filter: 'hiddenHttpMethodFilter' to: [/*]
16:33:06:437 SpringBootJpa {localhost-startStop-1} INFO  o.s.b.w.s.FilterRegistrationBean - Mapping filter: 'httpPutFormContentFilter' to: [/*]
16:33:06:437 SpringBootJpa {localhost-startStop-1} INFO  o.s.b.w.s.FilterRegistrationBean - Mapping filter: 'requestContextFilter' to: [/*]
16:33:06:483 SpringBootJpa {restartedMain} ERROR o.s.b.b.PropertiesConfigurationFactory - Properties configuration failed validation
16:33:06:483 SpringBootJpa {restartedMain} ERROR o.s.b.b.PropertiesConfigurationFactory - Field error in object 'mybatis' on field 'mapperLocations': rejected value [classpath:mappers/*.xml]; codes [typeMismatch.mybatis.mapperLocations,typeMismatch.mapperLocations,typeMismatch.[Lorg.springframework.core.io.Resource;,typeMismatch]; arguments [org.springframework.context.support.DefaultMessageSourceResolvable: codes [mybatis.mapperLocations,mapperLocations]; arguments []; default message [mapperLocations]]; default message [Failed to convert property value of type 'java.lang.String' to required type 'org.springframework.core.io.Resource[]' for property 'mapperLocations'; nested exception is java.lang.IllegalArgumentException: Could not resolve resource location pattern [classpath:mappers/*.xml]: class path resource [mappers/] cannot be resolved to URL because it does not exist]
16:33:06:483 SpringBootJpa {restartedMain} WARN  o.s.b.c.e.AnnotationConfigEmbeddedWebApplicationContext - Exception encountered during context initialization - cancelling refresh attempt: org.springframework.beans.factory.UnsatisfiedDependencyException: Error creating bean with name 'userController': Unsatisfied dependency expressed through field 'userService'; nested exception is org.springframework.beans.factory.UnsatisfiedDependencyException: Error creating bean with name 'userServiceImpl': Unsatisfied dependency expressed through field 'userMapper'; nested exception is org.springframework.beans.factory.UnsatisfiedDependencyException: Error creating bean with name 'userMapper' defined in file [F:\SPF\idea\springbootibatis\target\classes\com\SpringBoot\ibats\mapper\UserMapper.class]: Unsatisfied dependency expressed through bean property 'sqlSessionFactory'; nested exception is org.springframework.beans.factory.UnsatisfiedDependencyException: Error creating bean with name 'mybatisAutoConfiguration': Unsatisfied dependency expressed through field 'properties'; nested exception is org.springframework.beans.factory.BeanCreationException: Error creating bean with name 'mybatis-com.GMMapper.MybatisProperties': Could not bind properties to MybatisProperties (prefix=mybatis, ignoreInvalidFields=false, ignoreUnknownFields=true, ignoreNestedProperties=false); nested exception is org.springframework.validation.BindException: org.springframework.boot.bind.RelaxedDataBinder$RelaxedBeanPropertyBindingResult: 1 errors
Field error in object 'mybatis' on field 'mapperLocations': rejected value [classpath:mappers/*.xml]; codes [typeMismatch.mybatis.mapperLocations,typeMismatch.mapperLocations,typeMismatch.[Lorg.springframework.core.io.Resource;,typeMismatch]; arguments [org.springframework.context.support.DefaultMessageSourceResolvable: codes [mybatis.mapperLocations,mapperLocations]; arguments []; default message [mapperLocations]]; default message [Failed to convert property value of type 'java.lang.String' to required type 'org.springframework.core.io.Resource[]' for property 'mapperLocations'; nested exception is java.lang.IllegalArgumentException: Could not resolve resource location pattern [classpath:mappers/*.xml]: class path resource [mappers/] cannot be resolved to URL because it does not exist]
16:33:06:483 SpringBootJpa {restartedMain} INFO  o.a.catalina.core.StandardService - Stopping service Tomcat
16:33:06:515 SpringBootJpa {restartedMain} INFO  o.s.b.a.l.AutoConfigurationReportLoggingInitializer - 

Error starting ApplicationContext. To display the auto-configuration report re-run your application with 'debug' enabled.
16:33:06:515 SpringBootJpa {restartedMain} ERROR o.s.b.d.LoggingFailureAnalysisReporter - 

***************************
APPLICATION FAILED TO START
***************************

Description:

Binding to target com.GMMapper.MybatisProperties@6ad4bd01 failed:

    Property: mybatis.mapperLocations
    Value: classpath:mappers/*.xml
    Reason: Failed to convert property value of type 'java.lang.String' to required type 'org.springframework.core.io.Resource[]' for property 'mapperLocations'; nested exception is java.lang.IllegalArgumentException: Could not resolve resource location pattern [classpath:mappers/*.xml]: class path resource [mappers/] cannot be resolved to URL because it does not exist


Action:

Update your application's configuration

16:33:57:333 SpringBootJpa {restartedMain} INFO  com.SpringBoot.ibats.Application - Starting Application on MS-20170612RTGD with PID 5668 (F:\SPF\idea\springbootibatis\target\classes started by Administrator in F:\SPF\idea\springbootibatis)
16:33:57:333 SpringBootJpa {restartedMain} INFO  com.SpringBoot.ibats.Application - The following profiles are active: dev
16:33:57:551 SpringBootJpa {background-preinit} INFO  o.h.validator.internal.util.Version - HV000001: Hibernate Validator 5.2.4.Final
16:33:57:598 SpringBootJpa {restartedMain} INFO  o.s.b.c.e.AnnotationConfigEmbeddedWebApplicationContext - Refreshing org.springframework.boot.context.embedded.AnnotationConfigEmbeddedWebApplicationContext@41e21600: startup date [Mon Jul 10 16:33:57 GMT+08:00 2017]; root of context hierarchy
16:33:58:565 SpringBootJpa {restartedMain} WARN  o.m.s.mapper.ClassPathMapperScanner - Skipping MapperFactoryBean with name 'userInfoMapper' and 'com.SpringBoot.ibats.mapper.UserInfoMapper' mapperInterface. Bean already defined with the same name!
16:33:58:565 SpringBootJpa {restartedMain} WARN  o.m.s.mapper.ClassPathMapperScanner - Skipping MapperFactoryBean with name 'userMapper' and 'com.SpringBoot.ibats.mapper.UserMapper' mapperInterface. Bean already defined with the same name!
16:33:58:565 SpringBootJpa {restartedMain} WARN  o.m.s.mapper.ClassPathMapperScanner - No MyBatis mapper was found in '[com.SpringBoot.ibats.mapper]' package. Please check your configuration.
16:33:58:565 SpringBootJpa {restartedMain} WARN  o.s.c.a.ConfigurationClassPostProcessor - Cannot enhance @Configuration bean definition 'myBatisMapperScannerConfig' since its singleton instance has been created too early. The typical cause is a non-static @Bean method with a BeanDefinitionRegistryPostProcessor return type: Consider declaring such methods as 'static'.
16:33:58:799 SpringBootJpa {restartedMain} INFO  o.s.c.s.PostProcessorRegistrationDelegate$BeanPostProcessorChecker - Bean 'org.springframework.transaction.annotation.ProxyTransactionManagementConfiguration' of type [org.springframework.transaction.annotation.ProxyTransactionManagementConfiguration$$EnhancerBySpringCGLIB$$71235c1b] is not eligible for getting processed by all BeanPostProcessors (for example: not eligible for auto-proxying)
16:33:59:301 SpringBootJpa {restartedMain} INFO  o.s.b.c.e.t.TomcatEmbeddedServletContainer - Tomcat initialized with port(s): 9482 (http)
16:33:59:301 SpringBootJpa {restartedMain} INFO  o.a.catalina.core.StandardService - Starting service Tomcat
16:33:59:301 SpringBootJpa {restartedMain} INFO  o.a.catalina.core.StandardEngine - Starting Servlet Engine: Apache Tomcat/8.5.11
16:33:59:410 SpringBootJpa {localhost-startStop-1} INFO  o.a.c.c.C.[Tomcat].[localhost].[/] - Initializing Spring embedded WebApplicationContext
16:33:59:410 SpringBootJpa {localhost-startStop-1} INFO  o.s.web.context.ContextLoader - Root WebApplicationContext: initialization completed in 1812 ms
16:33:59:566 SpringBootJpa {localhost-startStop-1} INFO  o.s.b.w.s.ServletRegistrationBean - Mapping servlet: 'dispatcherServlet' to [/]
16:33:59:566 SpringBootJpa {localhost-startStop-1} INFO  o.s.b.w.s.FilterRegistrationBean - Mapping filter: 'characterEncodingFilter' to: [/*]
16:33:59:566 SpringBootJpa {localhost-startStop-1} INFO  o.s.b.w.s.FilterRegistrationBean - Mapping filter: 'hiddenHttpMethodFilter' to: [/*]
16:33:59:566 SpringBootJpa {localhost-startStop-1} INFO  o.s.b.w.s.FilterRegistrationBean - Mapping filter: 'httpPutFormContentFilter' to: [/*]
16:33:59:566 SpringBootJpa {localhost-startStop-1} INFO  o.s.b.w.s.FilterRegistrationBean - Mapping filter: 'requestContextFilter' to: [/*]
16:33:59:628 SpringBootJpa {restartedMain} ERROR o.s.b.b.PropertiesConfigurationFactory - Properties configuration failed validation
16:33:59:628 SpringBootJpa {restartedMain} ERROR o.s.b.b.PropertiesConfigurationFactory - Field error in object 'mybatis' on field 'mapperLocations': rejected value [classpath:mappers/*.xml]; codes [typeMismatch.mybatis.mapperLocations,typeMismatch.mapperLocations,typeMismatch.[Lorg.springframework.core.io.Resource;,typeMismatch]; arguments [org.springframework.context.support.DefaultMessageSourceResolvable: codes [mybatis.mapperLocations,mapperLocations]; arguments []; default message [mapperLocations]]; default message [Failed to convert property value of type 'java.lang.String' to required type 'org.springframework.core.io.Resource[]' for property 'mapperLocations'; nested exception is java.lang.IllegalArgumentException: Could not resolve resource location pattern [classpath:mappers/*.xml]: class path resource [mappers/] cannot be resolved to URL because it does not exist]
16:33:59:628 SpringBootJpa {restartedMain} WARN  o.s.b.c.e.AnnotationConfigEmbeddedWebApplicationContext - Exception encountered during context initialization - cancelling refresh attempt: org.springframework.beans.factory.UnsatisfiedDependencyException: Error creating bean with name 'userController': Unsatisfied dependency expressed through field 'userService'; nested exception is org.springframework.beans.factory.UnsatisfiedDependencyException: Error creating bean with name 'userServiceImpl': Unsatisfied dependency expressed through field 'userMapper'; nested exception is org.springframework.beans.factory.UnsatisfiedDependencyException: Error creating bean with name 'userMapper' defined in file [F:\SPF\idea\springbootibatis\target\classes\com\SpringBoot\ibats\mapper\UserMapper.class]: Unsatisfied dependency expressed through bean property 'sqlSessionFactory'; nested exception is org.springframework.beans.factory.UnsatisfiedDependencyException: Error creating bean with name 'mybatisAutoConfiguration': Unsatisfied dependency expressed through field 'properties'; nested exception is org.springframework.beans.factory.BeanCreationException: Error creating bean with name 'mybatis-com.GMMapper.MybatisProperties': Could not bind properties to MybatisProperties (prefix=mybatis, ignoreInvalidFields=false, ignoreUnknownFields=true, ignoreNestedProperties=false); nested exception is org.springframework.validation.BindException: org.springframework.boot.bind.RelaxedDataBinder$RelaxedBeanPropertyBindingResult: 1 errors
Field error in object 'mybatis' on field 'mapperLocations': rejected value [classpath:mappers/*.xml]; codes [typeMismatch.mybatis.mapperLocations,typeMismatch.mapperLocations,typeMismatch.[Lorg.springframework.core.io.Resource;,typeMismatch]; arguments [org.springframework.context.support.DefaultMessageSourceResolvable: codes [mybatis.mapperLocations,mapperLocations]; arguments []; default message [mapperLocations]]; default message [Failed to convert property value of type 'java.lang.String' to required type 'org.springframework.core.io.Resource[]' for property 'mapperLocations'; nested exception is java.lang.IllegalArgumentException: Could not resolve resource location pattern [classpath:mappers/*.xml]: class path resource [mappers/] cannot be resolved to URL because it does not exist]
16:33:59:628 SpringBootJpa {restartedMain} INFO  o.a.catalina.core.StandardService - Stopping service Tomcat
16:33:59:659 SpringBootJpa {restartedMain} INFO  o.s.b.a.l.AutoConfigurationReportLoggingInitializer - 

Error starting ApplicationContext. To display the auto-configuration report re-run your application with 'debug' enabled.
16:33:59:659 SpringBootJpa {restartedMain} ERROR o.s.b.d.LoggingFailureAnalysisReporter - 

***************************
APPLICATION FAILED TO START
***************************

Description:

Binding to target com.GMMapper.MybatisProperties@302318f5 failed:

    Property: mybatis.mapperLocations
    Value: classpath:mappers/*.xml
    Reason: Failed to convert property value of type 'java.lang.String' to required type 'org.springframework.core.io.Resource[]' for property 'mapperLocations'; nested exception is java.lang.IllegalArgumentException: Could not resolve resource location pattern [classpath:mappers/*.xml]: class path resource [mappers/] cannot be resolved to URL because it does not exist


Action:

Update your application's configuration

16:35:07:408 SpringBootJpa {restartedMain} INFO  com.SpringBoot.ibats.Application - Starting Application on MS-20170612RTGD with PID 6352 (F:\SPF\idea\springbootibatis\target\classes started by Administrator in F:\SPF\idea\springbootibatis)
16:35:07:408 SpringBootJpa {restartedMain} INFO  com.SpringBoot.ibats.Application - The following profiles are active: dev
16:35:07:642 SpringBootJpa {background-preinit} INFO  o.h.validator.internal.util.Version - HV000001: Hibernate Validator 5.2.4.Final
16:35:07:720 SpringBootJpa {restartedMain} INFO  o.s.b.c.e.AnnotationConfigEmbeddedWebApplicationContext - Refreshing org.springframework.boot.context.embedded.AnnotationConfigEmbeddedWebApplicationContext@39f64ecd: startup date [Mon Jul 10 16:35:07 GMT+08:00 2017]; root of context hierarchy
16:35:08:783 SpringBootJpa {restartedMain} WARN  o.m.s.mapper.ClassPathMapperScanner - Skipping MapperFactoryBean with name 'userInfoMapper' and 'com.SpringBoot.ibats.mapper.UserInfoMapper' mapperInterface. Bean already defined with the same name!
16:35:08:783 SpringBootJpa {restartedMain} WARN  o.m.s.mapper.ClassPathMapperScanner - Skipping MapperFactoryBean with name 'userMapper' and 'com.SpringBoot.ibats.mapper.UserMapper' mapperInterface. Bean already defined with the same name!
16:35:08:783 SpringBootJpa {restartedMain} WARN  o.m.s.mapper.ClassPathMapperScanner - No MyBatis mapper was found in '[com.SpringBoot.ibats.mapper]' package. Please check your configuration.
16:35:08:783 SpringBootJpa {restartedMain} WARN  o.s.c.a.ConfigurationClassPostProcessor - Cannot enhance @Configuration bean definition 'myBatisMapperScannerConfig' since its singleton instance has been created too early. The typical cause is a non-static @Bean method with a BeanDefinitionRegistryPostProcessor return type: Consider declaring such methods as 'static'.
16:35:08:986 SpringBootJpa {restartedMain} INFO  o.s.c.s.PostProcessorRegistrationDelegate$BeanPostProcessorChecker - Bean 'org.springframework.transaction.annotation.ProxyTransactionManagementConfiguration' of type [org.springframework.transaction.annotation.ProxyTransactionManagementConfiguration$$EnhancerBySpringCGLIB$$fbb5562c] is not eligible for getting processed by all BeanPostProcessors (for example: not eligible for auto-proxying)
16:35:09:454 SpringBootJpa {restartedMain} INFO  o.s.b.c.e.t.TomcatEmbeddedServletContainer - Tomcat initialized with port(s): 9482 (http)
16:35:09:454 SpringBootJpa {restartedMain} INFO  o.a.catalina.core.StandardService - Starting service Tomcat
16:35:09:454 SpringBootJpa {restartedMain} INFO  o.a.catalina.core.StandardEngine - Starting Servlet Engine: Apache Tomcat/8.5.11
16:35:09:564 SpringBootJpa {localhost-startStop-1} INFO  o.a.c.c.C.[Tomcat].[localhost].[/] - Initializing Spring embedded WebApplicationContext
16:35:09:564 SpringBootJpa {localhost-startStop-1} INFO  o.s.web.context.ContextLoader - Root WebApplicationContext: initialization completed in 1844 ms
16:35:09:706 SpringBootJpa {localhost-startStop-1} INFO  o.s.b.w.s.ServletRegistrationBean - Mapping servlet: 'dispatcherServlet' to [/]
16:35:09:706 SpringBootJpa {localhost-startStop-1} INFO  o.s.b.w.s.FilterRegistrationBean - Mapping filter: 'characterEncodingFilter' to: [/*]
16:35:09:706 SpringBootJpa {localhost-startStop-1} INFO  o.s.b.w.s.FilterRegistrationBean - Mapping filter: 'hiddenHttpMethodFilter' to: [/*]
16:35:09:706 SpringBootJpa {localhost-startStop-1} INFO  o.s.b.w.s.FilterRegistrationBean - Mapping filter: 'httpPutFormContentFilter' to: [/*]
16:35:09:706 SpringBootJpa {localhost-startStop-1} INFO  o.s.b.w.s.FilterRegistrationBean - Mapping filter: 'requestContextFilter' to: [/*]
16:35:09:753 SpringBootJpa {restartedMain} ERROR o.s.b.b.PropertiesConfigurationFactory - Properties configuration failed validation
16:35:09:753 SpringBootJpa {restartedMain} ERROR o.s.b.b.PropertiesConfigurationFactory - Field error in object 'mybatis' on field 'mapperLocations': rejected value [classpath:mappers/*.xml]; codes [typeMismatch.mybatis.mapperLocations,typeMismatch.mapperLocations,typeMismatch.[Lorg.springframework.core.io.Resource;,typeMismatch]; arguments [org.springframework.context.support.DefaultMessageSourceResolvable: codes [mybatis.mapperLocations,mapperLocations]; arguments []; default message [mapperLocations]]; default message [Failed to convert property value of type 'java.lang.String' to required type 'org.springframework.core.io.Resource[]' for property 'mapperLocations'; nested exception is java.lang.IllegalArgumentException: Could not resolve resource location pattern [classpath:mappers/*.xml]: class path resource [mappers/] cannot be resolved to URL because it does not exist]
16:35:09:753 SpringBootJpa {restartedMain} WARN  o.s.b.c.e.AnnotationConfigEmbeddedWebApplicationContext - Exception encountered during context initialization - cancelling refresh attempt: org.springframework.beans.factory.UnsatisfiedDependencyException: Error creating bean with name 'userController': Unsatisfied dependency expressed through field 'userService'; nested exception is org.springframework.beans.factory.UnsatisfiedDependencyException: Error creating bean with name 'userServiceImpl': Unsatisfied dependency expressed through field 'userMapper'; nested exception is org.springframework.beans.factory.UnsatisfiedDependencyException: Error creating bean with name 'userMapper' defined in file [F:\SPF\idea\springbootibatis\target\classes\com\SpringBoot\ibats\mapper\UserMapper.class]: Unsatisfied dependency expressed through bean property 'sqlSessionFactory'; nested exception is org.springframework.beans.factory.UnsatisfiedDependencyException: Error creating bean with name 'mybatisAutoConfiguration': Unsatisfied dependency expressed through field 'properties'; nested exception is org.springframework.beans.factory.BeanCreationException: Error creating bean with name 'mybatis-com.GMMapper.MybatisProperties': Could not bind properties to MybatisProperties (prefix=mybatis, ignoreInvalidFields=false, ignoreUnknownFields=true, ignoreNestedProperties=false); nested exception is org.springframework.validation.BindException: org.springframework.boot.bind.RelaxedDataBinder$RelaxedBeanPropertyBindingResult: 1 errors
Field error in object 'mybatis' on field 'mapperLocations': rejected value [classpath:mappers/*.xml]; codes [typeMismatch.mybatis.mapperLocations,typeMismatch.mapperLocations,typeMismatch.[Lorg.springframework.core.io.Resource;,typeMismatch]; arguments [org.springframework.context.support.DefaultMessageSourceResolvable: codes [mybatis.mapperLocations,mapperLocations]; arguments []; default message [mapperLocations]]; default message [Failed to convert property value of type 'java.lang.String' to required type 'org.springframework.core.io.Resource[]' for property 'mapperLocations'; nested exception is java.lang.IllegalArgumentException: Could not resolve resource location pattern [classpath:mappers/*.xml]: class path resource [mappers/] cannot be resolved to URL because it does not exist]
16:35:09:768 SpringBootJpa {restartedMain} INFO  o.a.catalina.core.StandardService - Stopping service Tomcat
16:35:09:784 SpringBootJpa {restartedMain} INFO  o.s.b.a.l.AutoConfigurationReportLoggingInitializer - 

Error starting ApplicationContext. To display the auto-configuration report re-run your application with 'debug' enabled.
16:35:09:784 SpringBootJpa {restartedMain} ERROR o.s.b.d.LoggingFailureAnalysisReporter - 

***************************
APPLICATION FAILED TO START
***************************

Description:

Binding to target com.GMMapper.MybatisProperties@5858481d failed:

    Property: mybatis.mapperLocations
    Value: classpath:mappers/*.xml
    Reason: Failed to convert property value of type 'java.lang.String' to required type 'org.springframework.core.io.Resource[]' for property 'mapperLocations'; nested exception is java.lang.IllegalArgumentException: Could not resolve resource location pattern [classpath:mappers/*.xml]: class path resource [mappers/] cannot be resolved to URL because it does not exist


Action:

Update your application's configuration

16:35:52:292 SpringBootJpa {restartedMain} INFO  com.SpringBoot.ibats.Application - Starting Application on MS-20170612RTGD with PID 9244 (F:\SPF\idea\springbootibatis\target\classes started by Administrator in F:\SPF\idea\springbootibatis)
16:35:52:292 SpringBootJpa {restartedMain} INFO  com.SpringBoot.ibats.Application - The following profiles are active: dev
16:35:52:542 SpringBootJpa {background-preinit} INFO  o.h.validator.internal.util.Version - HV000001: Hibernate Validator 5.2.4.Final
16:35:52:588 SpringBootJpa {restartedMain} INFO  o.s.b.c.e.AnnotationConfigEmbeddedWebApplicationContext - Refreshing org.springframework.boot.context.embedded.AnnotationConfigEmbeddedWebApplicationContext@6dc1f75d: startup date [Mon Jul 10 16:35:52 GMT+08:00 2017]; root of context hierarchy
16:35:53:558 SpringBootJpa {restartedMain} WARN  o.m.s.mapper.ClassPathMapperScanner - Skipping MapperFactoryBean with name 'userInfoMapper' and 'com.SpringBoot.ibats.mapper.UserInfoMapper' mapperInterface. Bean already defined with the same name!
16:35:53:558 SpringBootJpa {restartedMain} WARN  o.m.s.mapper.ClassPathMapperScanner - Skipping MapperFactoryBean with name 'userMapper' and 'com.SpringBoot.ibats.mapper.UserMapper' mapperInterface. Bean already defined with the same name!
16:35:53:558 SpringBootJpa {restartedMain} WARN  o.m.s.mapper.ClassPathMapperScanner - No MyBatis mapper was found in '[com.SpringBoot.ibats.mapper]' package. Please check your configuration.
16:35:53:558 SpringBootJpa {restartedMain} WARN  o.s.c.a.ConfigurationClassPostProcessor - Cannot enhance @Configuration bean definition 'myBatisMapperScannerConfig' since its singleton instance has been created too early. The typical cause is a non-static @Bean method with a BeanDefinitionRegistryPostProcessor return type: Consider declaring such methods as 'static'.
16:35:53:808 SpringBootJpa {restartedMain} INFO  o.s.c.s.PostProcessorRegistrationDelegate$BeanPostProcessorChecker - Bean 'org.springframework.transaction.annotation.ProxyTransactionManagementConfiguration' of type [org.springframework.transaction.annotation.ProxyTransactionManagementConfiguration$$EnhancerBySpringCGLIB$$5aad6dd9] is not eligible for getting processed by all BeanPostProcessors (for example: not eligible for auto-proxying)
16:35:54:323 SpringBootJpa {restartedMain} INFO  o.s.b.c.e.t.TomcatEmbeddedServletContainer - Tomcat initialized with port(s): 9482 (http)
16:35:54:339 SpringBootJpa {restartedMain} INFO  o.a.catalina.core.StandardService - Starting service Tomcat
16:35:54:339 SpringBootJpa {restartedMain} INFO  o.a.catalina.core.StandardEngine - Starting Servlet Engine: Apache Tomcat/8.5.11
16:35:54:432 SpringBootJpa {localhost-startStop-1} INFO  o.a.c.c.C.[Tomcat].[localhost].[/] - Initializing Spring embedded WebApplicationContext
16:35:54:432 SpringBootJpa {localhost-startStop-1} INFO  o.s.web.context.ContextLoader - Root WebApplicationContext: initialization completed in 1844 ms
16:35:54:573 SpringBootJpa {localhost-startStop-1} INFO  o.s.b.w.s.ServletRegistrationBean - Mapping servlet: 'dispatcherServlet' to [/]
16:35:54:573 SpringBootJpa {localhost-startStop-1} INFO  o.s.b.w.s.FilterRegistrationBean - Mapping filter: 'characterEncodingFilter' to: [/*]
16:35:54:573 SpringBootJpa {localhost-startStop-1} INFO  o.s.b.w.s.FilterRegistrationBean - Mapping filter: 'hiddenHttpMethodFilter' to: [/*]
16:35:54:573 SpringBootJpa {localhost-startStop-1} INFO  o.s.b.w.s.FilterRegistrationBean - Mapping filter: 'httpPutFormContentFilter' to: [/*]
16:35:54:573 SpringBootJpa {localhost-startStop-1} INFO  o.s.b.w.s.FilterRegistrationBean - Mapping filter: 'requestContextFilter' to: [/*]
16:35:54:621 SpringBootJpa {restartedMain} ERROR o.s.b.b.PropertiesConfigurationFactory - Properties configuration failed validation
16:35:54:621 SpringBootJpa {restartedMain} ERROR o.s.b.b.PropertiesConfigurationFactory - Field error in object 'mybatis' on field 'mapperLocations': rejected value [classpath:mappers/*.xml]; codes [typeMismatch.mybatis.mapperLocations,typeMismatch.mapperLocations,typeMismatch.[Lorg.springframework.core.io.Resource;,typeMismatch]; arguments [org.springframework.context.support.DefaultMessageSourceResolvable: codes [mybatis.mapperLocations,mapperLocations]; arguments []; default message [mapperLocations]]; default message [Failed to convert property value of type 'java.lang.String' to required type 'org.springframework.core.io.Resource[]' for property 'mapperLocations'; nested exception is java.lang.IllegalArgumentException: Could not resolve resource location pattern [classpath:mappers/*.xml]: class path resource [mappers/] cannot be resolved to URL because it does not exist]
16:35:54:621 SpringBootJpa {restartedMain} WARN  o.s.b.c.e.AnnotationConfigEmbeddedWebApplicationContext - Exception encountered during context initialization - cancelling refresh attempt: org.springframework.beans.factory.UnsatisfiedDependencyException: Error creating bean with name 'userController': Unsatisfied dependency expressed through field 'userService'; nested exception is org.springframework.beans.factory.UnsatisfiedDependencyException: Error creating bean with name 'userServiceImpl': Unsatisfied dependency expressed through field 'userMapper'; nested exception is org.springframework.beans.factory.UnsatisfiedDependencyException: Error creating bean with name 'userMapper' defined in file [F:\SPF\idea\springbootibatis\target\classes\com\SpringBoot\ibats\mapper\UserMapper.class]: Unsatisfied dependency expressed through bean property 'sqlSessionFactory'; nested exception is org.springframework.beans.factory.UnsatisfiedDependencyException: Error creating bean with name 'mybatisAutoConfiguration': Unsatisfied dependency expressed through field 'properties'; nested exception is org.springframework.beans.factory.BeanCreationException: Error creating bean with name 'mybatis-com.GMMapper.MybatisProperties': Could not bind properties to MybatisProperties (prefix=mybatis, ignoreInvalidFields=false, ignoreUnknownFields=true, ignoreNestedProperties=false); nested exception is org.springframework.validation.BindException: org.springframework.boot.bind.RelaxedDataBinder$RelaxedBeanPropertyBindingResult: 1 errors
Field error in object 'mybatis' on field 'mapperLocations': rejected value [classpath:mappers/*.xml]; codes [typeMismatch.mybatis.mapperLocations,typeMismatch.mapperLocations,typeMismatch.[Lorg.springframework.core.io.Resource;,typeMismatch]; arguments [org.springframework.context.support.DefaultMessageSourceResolvable: codes [mybatis.mapperLocations,mapperLocations]; arguments []; default message [mapperLocations]]; default message [Failed to convert property value of type 'java.lang.String' to required type 'org.springframework.core.io.Resource[]' for property 'mapperLocations'; nested exception is java.lang.IllegalArgumentException: Could not resolve resource location pattern [classpath:mappers/*.xml]: class path resource [mappers/] cannot be resolved to URL because it does not exist]
16:35:54:621 SpringBootJpa {restartedMain} INFO  o.a.catalina.core.StandardService - Stopping service Tomcat
16:35:54:637 SpringBootJpa {restartedMain} INFO  o.s.b.a.l.AutoConfigurationReportLoggingInitializer - 

Error starting ApplicationContext. To display the auto-configuration report re-run your application with 'debug' enabled.
16:35:54:653 SpringBootJpa {restartedMain} ERROR o.s.b.d.LoggingFailureAnalysisReporter - 

***************************
APPLICATION FAILED TO START
***************************

Description:

Binding to target com.GMMapper.MybatisProperties@135c6b2c failed:

    Property: mybatis.mapperLocations
    Value: classpath:mappers/*.xml
    Reason: Failed to convert property value of type 'java.lang.String' to required type 'org.springframework.core.io.Resource[]' for property 'mapperLocations'; nested exception is java.lang.IllegalArgumentException: Could not resolve resource location pattern [classpath:mappers/*.xml]: class path resource [mappers/] cannot be resolved to URL because it does not exist


Action:

Update your application's configuration

16:37:30:320 SpringBootJpa {restartedMain} INFO  com.SpringBoot.ibats.Application - Starting Application on MS-20170612RTGD with PID 9404 (F:\SPF\idea\springbootibatis\target\classes started by Administrator in F:\SPF\idea\springbootibatis)
16:37:30:323 SpringBootJpa {restartedMain} INFO  com.SpringBoot.ibats.Application - The following profiles are active: dev
16:37:30:548 SpringBootJpa {background-preinit} INFO  o.h.validator.internal.util.Version - HV000001: Hibernate Validator 5.2.4.Final
16:37:30:581 SpringBootJpa {restartedMain} INFO  o.s.b.c.e.AnnotationConfigEmbeddedWebApplicationContext - Refreshing org.springframework.boot.context.embedded.AnnotationConfigEmbeddedWebApplicationContext@2210b6d5: startup date [Mon Jul 10 16:37:30 GMT+08:00 2017]; root of context hierarchy
16:37:31:614 SpringBootJpa {restartedMain} WARN  o.m.s.mapper.ClassPathMapperScanner - Skipping MapperFactoryBean with name 'userInfoMapper' and 'com.SpringBoot.ibats.mapper.UserInfoMapper' mapperInterface. Bean already defined with the same name!
16:37:31:614 SpringBootJpa {restartedMain} WARN  o.m.s.mapper.ClassPathMapperScanner - Skipping MapperFactoryBean with name 'userMapper' and 'com.SpringBoot.ibats.mapper.UserMapper' mapperInterface. Bean already defined with the same name!
16:37:31:614 SpringBootJpa {restartedMain} WARN  o.m.s.mapper.ClassPathMapperScanner - No MyBatis mapper was found in '[com.SpringBoot.ibats.mapper]' package. Please check your configuration.
16:37:31:615 SpringBootJpa {restartedMain} WARN  o.s.c.a.ConfigurationClassPostProcessor - Cannot enhance @Configuration bean definition 'myBatisMapperScannerConfig' since its singleton instance has been created too early. The typical cause is a non-static @Bean method with a BeanDefinitionRegistryPostProcessor return type: Consider declaring such methods as 'static'.
16:37:31:837 SpringBootJpa {restartedMain} INFO  o.s.c.s.PostProcessorRegistrationDelegate$BeanPostProcessorChecker - Bean 'org.springframework.transaction.annotation.ProxyTransactionManagementConfiguration' of type [org.springframework.transaction.annotation.ProxyTransactionManagementConfiguration$$EnhancerBySpringCGLIB$$93743331] is not eligible for getting processed by all BeanPostProcessors (for example: not eligible for auto-proxying)
16:37:32:322 SpringBootJpa {restartedMain} INFO  o.s.b.c.e.t.TomcatEmbeddedServletContainer - Tomcat initialized with port(s): 9482 (http)
16:37:32:332 SpringBootJpa {restartedMain} INFO  o.a.catalina.core.StandardService - Starting service Tomcat
16:37:32:332 SpringBootJpa {restartedMain} INFO  o.a.catalina.core.StandardEngine - Starting Servlet Engine: Apache Tomcat/8.5.11
16:37:32:430 SpringBootJpa {localhost-startStop-1} INFO  o.a.c.c.C.[Tomcat].[localhost].[/] - Initializing Spring embedded WebApplicationContext
16:37:32:430 SpringBootJpa {localhost-startStop-1} INFO  o.s.web.context.ContextLoader - Root WebApplicationContext: initialization completed in 1850 ms
16:37:32:556 SpringBootJpa {localhost-startStop-1} INFO  o.s.b.w.s.ServletRegistrationBean - Mapping servlet: 'dispatcherServlet' to [/]
16:37:32:560 SpringBootJpa {localhost-startStop-1} INFO  o.s.b.w.s.FilterRegistrationBean - Mapping filter: 'characterEncodingFilter' to: [/*]
16:37:32:561 SpringBootJpa {localhost-startStop-1} INFO  o.s.b.w.s.FilterRegistrationBean - Mapping filter: 'hiddenHttpMethodFilter' to: [/*]
16:37:32:561 SpringBootJpa {localhost-startStop-1} INFO  o.s.b.w.s.FilterRegistrationBean - Mapping filter: 'httpPutFormContentFilter' to: [/*]
16:37:32:561 SpringBootJpa {localhost-startStop-1} INFO  o.s.b.w.s.FilterRegistrationBean - Mapping filter: 'requestContextFilter' to: [/*]
16:37:32:627 SpringBootJpa {restartedMain} ERROR o.s.b.b.PropertiesConfigurationFactory - Properties configuration failed validation
16:37:32:627 SpringBootJpa {restartedMain} ERROR o.s.b.b.PropertiesConfigurationFactory - Field error in object 'mybatis' on field 'mapperLocations': rejected value [classpath:mappers/*.xml]; codes [typeMismatch.mybatis.mapperLocations,typeMismatch.mapperLocations,typeMismatch.[Lorg.springframework.core.io.Resource;,typeMismatch]; arguments [org.springframework.context.support.DefaultMessageSourceResolvable: codes [mybatis.mapperLocations,mapperLocations]; arguments []; default message [mapperLocations]]; default message [Failed to convert property value of type 'java.lang.String' to required type 'org.springframework.core.io.Resource[]' for property 'mapperLocations'; nested exception is java.lang.IllegalArgumentException: Could not resolve resource location pattern [classpath:mappers/*.xml]: class path resource [mappers/] cannot be resolved to URL because it does not exist]
16:37:32:628 SpringBootJpa {restartedMain} WARN  o.s.b.c.e.AnnotationConfigEmbeddedWebApplicationContext - Exception encountered during context initialization - cancelling refresh attempt: org.springframework.beans.factory.UnsatisfiedDependencyException: Error creating bean with name 'userController': Unsatisfied dependency expressed through field 'userService'; nested exception is org.springframework.beans.factory.UnsatisfiedDependencyException: Error creating bean with name 'userServiceImpl': Unsatisfied dependency expressed through field 'userMapper'; nested exception is org.springframework.beans.factory.UnsatisfiedDependencyException: Error creating bean with name 'userMapper' defined in file [F:\SPF\idea\springbootibatis\target\classes\com\SpringBoot\ibats\mapper\UserMapper.class]: Unsatisfied dependency expressed through bean property 'sqlSessionFactory'; nested exception is org.springframework.beans.factory.UnsatisfiedDependencyException: Error creating bean with name 'mybatisAutoConfiguration': Unsatisfied dependency expressed through field 'properties'; nested exception is org.springframework.beans.factory.BeanCreationException: Error creating bean with name 'mybatis-com.GMMapper.MybatisProperties': Could not bind properties to MybatisProperties (prefix=mybatis, ignoreInvalidFields=false, ignoreUnknownFields=true, ignoreNestedProperties=false); nested exception is org.springframework.validation.BindException: org.springframework.boot.bind.RelaxedDataBinder$RelaxedBeanPropertyBindingResult: 1 errors
Field error in object 'mybatis' on field 'mapperLocations': rejected value [classpath:mappers/*.xml]; codes [typeMismatch.mybatis.mapperLocations,typeMismatch.mapperLocations,typeMismatch.[Lorg.springframework.core.io.Resource;,typeMismatch]; arguments [org.springframework.context.support.DefaultMessageSourceResolvable: codes [mybatis.mapperLocations,mapperLocations]; arguments []; default message [mapperLocations]]; default message [Failed to convert property value of type 'java.lang.String' to required type 'org.springframework.core.io.Resource[]' for property 'mapperLocations'; nested exception is java.lang.IllegalArgumentException: Could not resolve resource location pattern [classpath:mappers/*.xml]: class path resource [mappers/] cannot be resolved to URL because it does not exist]
16:37:32:630 SpringBootJpa {restartedMain} INFO  o.a.catalina.core.StandardService - Stopping service Tomcat
16:37:32:645 SpringBootJpa {restartedMain} INFO  o.s.b.a.l.AutoConfigurationReportLoggingInitializer - 

Error starting ApplicationContext. To display the auto-configuration report re-run your application with 'debug' enabled.
16:37:32:661 SpringBootJpa {restartedMain} ERROR o.s.b.d.LoggingFailureAnalysisReporter - 

***************************
APPLICATION FAILED TO START
***************************

Description:

Binding to target com.GMMapper.MybatisProperties@e981fea failed:

    Property: mybatis.mapperLocations
    Value: classpath:mappers/*.xml
    Reason: Failed to convert property value of type 'java.lang.String' to required type 'org.springframework.core.io.Resource[]' for property 'mapperLocations'; nested exception is java.lang.IllegalArgumentException: Could not resolve resource location pattern [classpath:mappers/*.xml]: class path resource [mappers/] cannot be resolved to URL because it does not exist


Action:

Update your application's configuration

16:38:15:193 SpringBootJpa {restartedMain} INFO  com.SpringBoot.ibats.Application - Starting Application on MS-20170612RTGD with PID 6700 (F:\SPF\idea\springbootibatis\target\classes started by Administrator in F:\SPF\idea\springbootibatis)
16:38:15:196 SpringBootJpa {restartedMain} INFO  com.SpringBoot.ibats.Application - The following profiles are active: dev
16:38:15:469 SpringBootJpa {background-preinit} INFO  o.h.validator.internal.util.Version - HV000001: Hibernate Validator 5.2.4.Final
16:38:15:502 SpringBootJpa {restartedMain} INFO  o.s.b.c.e.AnnotationConfigEmbeddedWebApplicationContext - Refreshing org.springframework.boot.context.embedded.AnnotationConfigEmbeddedWebApplicationContext@6dc1f75d: startup date [Mon Jul 10 16:38:15 GMT+08:00 2017]; root of context hierarchy
16:38:16:741 SpringBootJpa {restartedMain} INFO  o.s.c.s.PostProcessorRegistrationDelegate$BeanPostProcessorChecker - Bean 'org.springframework.transaction.annotation.ProxyTransactionManagementConfiguration' of type [org.springframework.transaction.annotation.ProxyTransactionManagementConfiguration$$EnhancerBySpringCGLIB$$76516e8a] is not eligible for getting processed by all BeanPostProcessors (for example: not eligible for auto-proxying)
16:38:17:236 SpringBootJpa {restartedMain} INFO  o.s.b.c.e.t.TomcatEmbeddedServletContainer - Tomcat initialized with port(s): 9482 (http)
16:38:17:248 SpringBootJpa {restartedMain} INFO  o.a.catalina.core.StandardService - Starting service Tomcat
16:38:17:249 SpringBootJpa {restartedMain} INFO  o.a.catalina.core.StandardEngine - Starting Servlet Engine: Apache Tomcat/8.5.11
16:38:17:341 SpringBootJpa {localhost-startStop-1} INFO  o.a.c.c.C.[Tomcat].[localhost].[/] - Initializing Spring embedded WebApplicationContext
16:38:17:341 SpringBootJpa {localhost-startStop-1} INFO  o.s.web.context.ContextLoader - Root WebApplicationContext: initialization completed in 1840 ms
16:38:17:498 SpringBootJpa {localhost-startStop-1} INFO  o.s.b.w.s.ServletRegistrationBean - Mapping servlet: 'dispatcherServlet' to [/]
16:38:17:501 SpringBootJpa {localhost-startStop-1} INFO  o.s.b.w.s.FilterRegistrationBean - Mapping filter: 'characterEncodingFilter' to: [/*]
16:38:17:501 SpringBootJpa {localhost-startStop-1} INFO  o.s.b.w.s.FilterRegistrationBean - Mapping filter: 'hiddenHttpMethodFilter' to: [/*]
16:38:17:502 SpringBootJpa {localhost-startStop-1} INFO  o.s.b.w.s.FilterRegistrationBean - Mapping filter: 'httpPutFormContentFilter' to: [/*]
16:38:17:502 SpringBootJpa {localhost-startStop-1} INFO  o.s.b.w.s.FilterRegistrationBean - Mapping filter: 'requestContextFilter' to: [/*]
16:38:17:964 SpringBootJpa {restartedMain} INFO  o.s.w.s.m.m.a.RequestMappingHandlerAdapter - Looking for @ControllerAdvice: org.springframework.boot.context.embedded.AnnotationConfigEmbeddedWebApplicationContext@6dc1f75d: startup date [Mon Jul 10 16:38:15 GMT+08:00 2017]; root of context hierarchy
16:38:18:107 SpringBootJpa {restartedMain} INFO  o.s.w.s.m.m.a.RequestMappingHandlerMapping - Mapped "{[/]}" onto public org.springframework.web.servlet.ModelAndView com.SpringBoot.ibats.controller.IndexController.index(org.springframework.ui.ModelMap)
16:38:18:108 SpringBootJpa {restartedMain} INFO  o.s.w.s.m.m.a.RequestMappingHandlerMapping - Mapped "{[/update]}" onto public void com.SpringBoot.ibats.controller.UserController.update()
16:38:18:108 SpringBootJpa {restartedMain} INFO  o.s.w.s.m.m.a.RequestMappingHandlerMapping - Mapped "{[/save]}" onto public void com.SpringBoot.ibats.controller.UserController.save()
16:38:18:108 SpringBootJpa {restartedMain} INFO  o.s.w.s.m.m.a.RequestMappingHandlerMapping - Mapped "{[/findId]}" onto public void com.SpringBoot.ibats.controller.UserController.findId()
16:38:18:108 SpringBootJpa {restartedMain} INFO  o.s.w.s.m.m.a.RequestMappingHandlerMapping - Mapped "{[/findpage]}" onto public void com.SpringBoot.ibats.controller.UserController.findpage()
16:38:18:108 SpringBootJpa {restartedMain} INFO  o.s.w.s.m.m.a.RequestMappingHandlerMapping - Mapped "{[/findAll]}" onto public void com.SpringBoot.ibats.controller.UserController.findAll()
16:38:18:109 SpringBootJpa {restartedMain} INFO  o.s.w.s.m.m.a.RequestMappingHandlerMapping - Mapped "{[/now]}" onto java.lang.String com.SpringBoot.ibats.test.Test1.hehe()
16:38:18:111 SpringBootJpa {restartedMain} INFO  o.s.w.s.m.m.a.RequestMappingHandlerMapping - Mapped "{[/error]}" onto public org.springframework.http.ResponseEntity<java.util.Map<java.lang.String, java.lang.Object>> org.springframework.boot.autoconfigure.web.BasicErrorController.error(javax.servlet.http.HttpServletRequest)
16:38:18:111 SpringBootJpa {restartedMain} INFO  o.s.w.s.m.m.a.RequestMappingHandlerMapping - Mapped "{[/error],produces=[text/html]}" onto public org.springframework.web.servlet.ModelAndView org.springframework.boot.autoconfigure.web.BasicErrorController.errorHtml(javax.servlet.http.HttpServletRequest,javax.servlet.http.HttpServletResponse)
16:38:18:180 SpringBootJpa {restartedMain} INFO  o.s.w.s.h.SimpleUrlHandlerMapping - Mapped URL path [/**/favicon.ico] onto handler of type [class org.springframework.web.servlet.resource.ResourceHttpRequestHandler]
16:38:18:794 SpringBootJpa {restartedMain} INFO  o.s.b.d.a.OptionalLiveReloadServer - LiveReload server is running on port 35729
16:38:18:930 SpringBootJpa {restartedMain} INFO  o.s.j.e.a.AnnotationMBeanExporter - Registering beans for JMX exposure on startup
16:38:18:931 SpringBootJpa {restartedMain} INFO  o.s.j.e.a.AnnotationMBeanExporter - Bean with name 'dataSource' has been autodetected for JMX exposure
16:38:18:934 SpringBootJpa {restartedMain} INFO  o.s.j.e.a.AnnotationMBeanExporter - Located MBean 'dataSource': registering with JMX server as MBean [com.alibaba.druid.pool:name=dataSource,type=DruidDataSource]
16:38:18:946 SpringBootJpa {restartedMain} INFO  o.a.coyote.http11.Http11NioProtocol - Initializing ProtocolHandler ["http-nio-9482"]
16:38:18:955 SpringBootJpa {restartedMain} INFO  o.a.coyote.http11.Http11NioProtocol - Starting ProtocolHandler [http-nio-9482]
16:38:18:966 SpringBootJpa {restartedMain} INFO  o.a.tomcat.util.net.NioSelectorPool - Using a shared selector for servlet write/read
16:38:18:983 SpringBootJpa {restartedMain} INFO  o.s.b.c.e.t.TomcatEmbeddedServletContainer - Tomcat started on port(s): 9482 (http)
16:38:18:988 SpringBootJpa {restartedMain} INFO  com.SpringBoot.ibats.Application - Started Application in 4.394 seconds (JVM running for 4.793)
