09:40:31:818 SpringBootJpa {restartedMain} INFO  com.start - Starting start on MS-20170612RTGD with PID 4252 (F:\SPF\idea\springbootibatis\target\classes started by Administrator in F:\SPF\idea\springbootibatis)
09:40:31:820 SpringBootJpa {restartedMain} INFO  com.start - The following profiles are active: dev
09:40:31:897 SpringBootJpa {restartedMain} INFO  o.s.b.c.e.AnnotationConfigEmbeddedWebApplicationContext - Refreshing org.springframework.boot.context.embedded.AnnotationConfigEmbeddedWebApplicationContext@18050c5b: startup date [Wed Jun 28 09:40:31 GMT+08:00 2017]; root of context hierarchy
09:40:32:090 SpringBootJpa {background-preinit} INFO  o.h.validator.internal.util.Version - HV000001: Hibernate Validator 5.2.4.Final
09:40:34:208 SpringBootJpa {restartedMain} INFO  o.s.c.s.PostProcessorRegistrationDelegate$BeanPostProcessorChecker - Bean 'org.springframework.transaction.annotation.ProxyTransactionManagementConfiguration' of type [org.springframework.transaction.annotation.ProxyTransactionManagementConfiguration$$EnhancerBySpringCGLIB$$eddaf9df] is not eligible for getting processed by all BeanPostProcessors (for example: not eligible for auto-proxying)
09:40:34:823 SpringBootJpa {restartedMain} INFO  o.s.b.c.e.t.TomcatEmbeddedServletContainer - Tomcat initialized with port(s): 9485 (http)
09:40:34:835 SpringBootJpa {restartedMain} INFO  o.a.catalina.core.StandardService - Starting service Tomcat
09:40:34:837 SpringBootJpa {restartedMain} INFO  o.a.catalina.core.StandardEngine - Starting Servlet Engine: Apache Tomcat/8.5.11
09:40:34:921 SpringBootJpa {localhost-startStop-1} INFO  o.a.c.c.C.[Tomcat].[localhost].[/] - Initializing Spring embedded WebApplicationContext
09:40:34:921 SpringBootJpa {localhost-startStop-1} INFO  o.s.web.context.ContextLoader - Root WebApplicationContext: initialization completed in 3024 ms
09:40:35:059 SpringBootJpa {localhost-startStop-1} INFO  o.s.b.w.s.ServletRegistrationBean - Mapping servlet: 'dispatcherServlet' to [/]
09:40:35:064 SpringBootJpa {localhost-startStop-1} INFO  o.s.b.w.s.FilterRegistrationBean - Mapping filter: 'characterEncodingFilter' to: [/*]
09:40:35:065 SpringBootJpa {localhost-startStop-1} INFO  o.s.b.w.s.FilterRegistrationBean - Mapping filter: 'hiddenHttpMethodFilter' to: [/*]
09:40:35:065 SpringBootJpa {localhost-startStop-1} INFO  o.s.b.w.s.FilterRegistrationBean - Mapping filter: 'httpPutFormContentFilter' to: [/*]
09:40:35:065 SpringBootJpa {localhost-startStop-1} INFO  o.s.b.w.s.FilterRegistrationBean - Mapping filter: 'requestContextFilter' to: [/*]
09:40:35:532 SpringBootJpa {restartedMain} INFO  o.s.w.s.m.m.a.RequestMappingHandlerAdapter - Looking for @ControllerAdvice: org.springframework.boot.context.embedded.AnnotationConfigEmbeddedWebApplicationContext@18050c5b: startup date [Wed Jun 28 09:40:31 GMT+08:00 2017]; root of context hierarchy
09:40:35:540 SpringBootJpa {restartedMain} INFO  o.s.w.s.m.m.a.RequestMappingHandlerAdapter - Detected ResponseBodyAdvice bean in fastJsonpResponseBodyAdvice
09:40:35:628 SpringBootJpa {restartedMain} INFO  o.s.w.s.m.m.a.RequestMappingHandlerMapping - Mapped "{[/findAll]}" onto public void com.SpringBoot.ibats.controller.UserController.findAll()
09:40:35:630 SpringBootJpa {restartedMain} INFO  o.s.w.s.m.m.a.RequestMappingHandlerMapping - Mapped "{[/]}" onto java.lang.String com.SpringBoot.ibats.test.Test1.home()
09:40:35:631 SpringBootJpa {restartedMain} INFO  o.s.w.s.m.m.a.RequestMappingHandlerMapping - Mapped "{[/now]}" onto java.lang.String com.SpringBoot.ibats.test.Test1.hehe()
09:40:35:634 SpringBootJpa {restartedMain} INFO  o.s.w.s.m.m.a.RequestMappingHandlerMapping - Mapped "{[/error]}" onto public org.springframework.http.ResponseEntity<java.util.Map<java.lang.String, java.lang.Object>> org.springframework.boot.autoconfigure.web.BasicErrorController.error(javax.servlet.http.HttpServletRequest)
09:40:35:634 SpringBootJpa {restartedMain} INFO  o.s.w.s.m.m.a.RequestMappingHandlerMapping - Mapped "{[/error],produces=[text/html]}" onto public org.springframework.web.servlet.ModelAndView org.springframework.boot.autoconfigure.web.BasicErrorController.errorHtml(javax.servlet.http.HttpServletRequest,javax.servlet.http.HttpServletResponse)
09:40:35:715 SpringBootJpa {restartedMain} INFO  o.s.w.s.m.m.a.ExceptionHandlerExceptionResolver - Detected ResponseBodyAdvice implementation in fastJsonpResponseBodyAdvice
09:40:35:759 SpringBootJpa {restartedMain} INFO  o.s.w.s.h.SimpleUrlHandlerMapping - Mapped URL path [/**/favicon.ico] onto handler of type [class org.springframework.web.servlet.resource.ResourceHttpRequestHandler]
09:40:36:158 SpringBootJpa {restartedMain} INFO  o.s.b.d.a.OptionalLiveReloadServer - LiveReload server is running on port 35729
09:40:36:293 SpringBootJpa {restartedMain} INFO  o.s.j.e.a.AnnotationMBeanExporter - Registering beans for JMX exposure on startup
09:40:36:295 SpringBootJpa {restartedMain} INFO  o.s.j.e.a.AnnotationMBeanExporter - Bean with name 'dataSource' has been autodetected for JMX exposure
09:40:36:299 SpringBootJpa {restartedMain} INFO  o.s.j.e.a.AnnotationMBeanExporter - Located MBean 'dataSource': registering with JMX server as MBean [com.alibaba.druid.pool:name=dataSource,type=DruidDataSource]
09:40:36:315 SpringBootJpa {restartedMain} INFO  o.a.coyote.http11.Http11NioProtocol - Initializing ProtocolHandler ["http-nio-9485"]
09:40:36:343 SpringBootJpa {restartedMain} INFO  o.a.coyote.http11.Http11NioProtocol - Starting ProtocolHandler [http-nio-9485]
09:40:36:356 SpringBootJpa {restartedMain} INFO  o.a.tomcat.util.net.NioSelectorPool - Using a shared selector for servlet write/read
09:40:36:375 SpringBootJpa {restartedMain} INFO  o.s.b.c.e.t.TomcatEmbeddedServletContainer - Tomcat started on port(s): 9485 (http)
09:40:36:381 SpringBootJpa {restartedMain} INFO  com.start - Started start in 5.316 seconds (JVM running for 5.935)
09:40:57:303 SpringBootJpa {http-nio-9485-exec-1} INFO  o.a.c.c.C.[Tomcat].[localhost].[/] - Initializing Spring FrameworkServlet 'dispatcherServlet'
09:40:57:303 SpringBootJpa {http-nio-9485-exec-1} INFO  o.s.web.servlet.DispatcherServlet - FrameworkServlet 'dispatcherServlet': initialization started
09:40:57:317 SpringBootJpa {http-nio-9485-exec-1} INFO  o.s.web.servlet.DispatcherServlet - FrameworkServlet 'dispatcherServlet': initialization completed in 14 ms
09:49:22:054 SpringBootJpa {restartedMain} INFO  com.start - Starting start on MS-20170612RTGD with PID 12620 (F:\SPF\idea\springbootibatis\target\classes started by Administrator in F:\SPF\idea\springbootibatis)
09:49:22:057 SpringBootJpa {restartedMain} INFO  com.start - The following profiles are active: dev
09:49:22:124 SpringBootJpa {restartedMain} INFO  o.s.b.c.e.AnnotationConfigEmbeddedWebApplicationContext - Refreshing org.springframework.boot.context.embedded.AnnotationConfigEmbeddedWebApplicationContext@48aa1a17: startup date [Wed Jun 28 09:49:22 GMT+08:00 2017]; root of context hierarchy
09:49:22:244 SpringBootJpa {background-preinit} INFO  o.h.validator.internal.util.Version - HV000001: Hibernate Validator 5.2.4.Final
09:49:24:394 SpringBootJpa {restartedMain} INFO  o.s.c.s.PostProcessorRegistrationDelegate$BeanPostProcessorChecker - Bean 'org.springframework.transaction.annotation.ProxyTransactionManagementConfiguration' of type [org.springframework.transaction.annotation.ProxyTransactionManagementConfiguration$$EnhancerBySpringCGLIB$$f8dc3b4d] is not eligible for getting processed by all BeanPostProcessors (for example: not eligible for auto-proxying)
09:49:24:914 SpringBootJpa {restartedMain} INFO  o.s.b.c.e.t.TomcatEmbeddedServletContainer - Tomcat initialized with port(s): 9485 (http)
09:49:24:925 SpringBootJpa {restartedMain} INFO  o.a.catalina.core.StandardService - Starting service Tomcat
09:49:24:926 SpringBootJpa {restartedMain} INFO  o.a.catalina.core.StandardEngine - Starting Servlet Engine: Apache Tomcat/8.5.11
09:49:25:009 SpringBootJpa {localhost-startStop-1} INFO  o.a.c.c.C.[Tomcat].[localhost].[/] - Initializing Spring embedded WebApplicationContext
09:49:25:010 SpringBootJpa {localhost-startStop-1} INFO  o.s.web.context.ContextLoader - Root WebApplicationContext: initialization completed in 2886 ms
09:49:25:180 SpringBootJpa {localhost-startStop-1} INFO  o.s.b.w.s.ServletRegistrationBean - Mapping servlet: 'dispatcherServlet' to [/]
09:49:25:184 SpringBootJpa {localhost-startStop-1} INFO  o.s.b.w.s.FilterRegistrationBean - Mapping filter: 'characterEncodingFilter' to: [/*]
09:49:25:185 SpringBootJpa {localhost-startStop-1} INFO  o.s.b.w.s.FilterRegistrationBean - Mapping filter: 'hiddenHttpMethodFilter' to: [/*]
09:49:25:185 SpringBootJpa {localhost-startStop-1} INFO  o.s.b.w.s.FilterRegistrationBean - Mapping filter: 'httpPutFormContentFilter' to: [/*]
09:49:25:185 SpringBootJpa {localhost-startStop-1} INFO  o.s.b.w.s.FilterRegistrationBean - Mapping filter: 'requestContextFilter' to: [/*]
09:49:25:655 SpringBootJpa {restartedMain} INFO  o.s.w.s.m.m.a.RequestMappingHandlerAdapter - Looking for @ControllerAdvice: org.springframework.boot.context.embedded.AnnotationConfigEmbeddedWebApplicationContext@48aa1a17: startup date [Wed Jun 28 09:49:22 GMT+08:00 2017]; root of context hierarchy
09:49:25:661 SpringBootJpa {restartedMain} INFO  o.s.w.s.m.m.a.RequestMappingHandlerAdapter - Detected ResponseBodyAdvice bean in fastJsonpResponseBodyAdvice
09:49:25:711 SpringBootJpa {restartedMain} INFO  o.s.w.s.m.m.a.RequestMappingHandlerMapping - Mapped "{[/]}" onto public org.springframework.web.servlet.ModelAndView com.SpringBoot.ibats.controller.IndexController.index(org.springframework.ui.ModelMap)
09:49:25:712 SpringBootJpa {restartedMain} INFO  o.s.w.s.m.m.a.RequestMappingHandlerMapping - Mapped "{[/findAll]}" onto public void com.SpringBoot.ibats.controller.UserController.findAll()
09:49:25:712 SpringBootJpa {restartedMain} INFO  o.s.w.s.m.m.a.RequestMappingHandlerMapping - Mapped "{[/now]}" onto java.lang.String com.SpringBoot.ibats.test.Test1.hehe()
09:49:25:714 SpringBootJpa {restartedMain} INFO  o.s.w.s.m.m.a.RequestMappingHandlerMapping - Mapped "{[/error]}" onto public org.springframework.http.ResponseEntity<java.util.Map<java.lang.String, java.lang.Object>> org.springframework.boot.autoconfigure.web.BasicErrorController.error(javax.servlet.http.HttpServletRequest)
09:49:25:715 SpringBootJpa {restartedMain} INFO  o.s.w.s.m.m.a.RequestMappingHandlerMapping - Mapped "{[/error],produces=[text/html]}" onto public org.springframework.web.servlet.ModelAndView org.springframework.boot.autoconfigure.web.BasicErrorController.errorHtml(javax.servlet.http.HttpServletRequest,javax.servlet.http.HttpServletResponse)
09:49:25:755 SpringBootJpa {restartedMain} INFO  o.s.w.s.m.m.a.ExceptionHandlerExceptionResolver - Detected ResponseBodyAdvice implementation in fastJsonpResponseBodyAdvice
09:49:25:788 SpringBootJpa {restartedMain} INFO  o.s.w.s.h.SimpleUrlHandlerMapping - Mapped URL path [/**/favicon.ico] onto handler of type [class org.springframework.web.servlet.resource.ResourceHttpRequestHandler]
09:49:25:982 SpringBootJpa {restartedMain} INFO  o.s.b.d.a.OptionalLiveReloadServer - LiveReload server is running on port 35729
09:49:26:117 SpringBootJpa {restartedMain} INFO  o.s.j.e.a.AnnotationMBeanExporter - Registering beans for JMX exposure on startup
09:49:26:118 SpringBootJpa {restartedMain} INFO  o.s.j.e.a.AnnotationMBeanExporter - Bean with name 'dataSource' has been autodetected for JMX exposure
09:49:26:123 SpringBootJpa {restartedMain} INFO  o.s.j.e.a.AnnotationMBeanExporter - Located MBean 'dataSource': registering with JMX server as MBean [com.alibaba.druid.pool:name=dataSource,type=DruidDataSource]
09:49:26:138 SpringBootJpa {restartedMain} INFO  o.a.coyote.http11.Http11NioProtocol - Initializing ProtocolHandler ["http-nio-9485"]
09:49:26:147 SpringBootJpa {restartedMain} INFO  o.a.coyote.http11.Http11NioProtocol - Starting ProtocolHandler [http-nio-9485]
09:49:26:158 SpringBootJpa {restartedMain} INFO  o.a.tomcat.util.net.NioSelectorPool - Using a shared selector for servlet write/read
09:49:26:173 SpringBootJpa {restartedMain} INFO  o.s.b.c.e.t.TomcatEmbeddedServletContainer - Tomcat started on port(s): 9485 (http)
09:49:26:176 SpringBootJpa {restartedMain} INFO  com.start - Started start in 4.723 seconds (JVM running for 5.141)
09:49:33:145 SpringBootJpa {http-nio-9485-exec-1} INFO  o.a.c.c.C.[Tomcat].[localhost].[/] - Initializing Spring FrameworkServlet 'dispatcherServlet'
09:49:33:146 SpringBootJpa {http-nio-9485-exec-1} INFO  o.s.web.servlet.DispatcherServlet - FrameworkServlet 'dispatcherServlet': initialization started
09:49:33:166 SpringBootJpa {http-nio-9485-exec-1} INFO  o.s.web.servlet.DispatcherServlet - FrameworkServlet 'dispatcherServlet': initialization completed in 20 ms
09:49:35:068 SpringBootJpa {http-nio-9485-exec-1} WARN  o.s.web.servlet.PageNotFound - No mapping found for HTTP request with URI [/test/index] in DispatcherServlet with name 'dispatcherServlet'
09:49:35:074 SpringBootJpa {http-nio-9485-exec-1} WARN  o.s.w.s.m.s.DefaultHandlerExceptionResolver - Resolved exception caused by Handler execution: org.springframework.web.servlet.NoHandlerFoundException: No handler found for GET /test/index
09:52:25:596 SpringBootJpa {restartedMain} INFO  com.start - Starting start on MS-20170612RTGD with PID 12888 (F:\SPF\idea\springbootibatis\target\classes started by Administrator in F:\SPF\idea\springbootibatis)
09:52:25:599 SpringBootJpa {restartedMain} INFO  com.start - The following profiles are active: dev
09:52:25:779 SpringBootJpa {background-preinit} INFO  o.h.validator.internal.util.Version - HV000001: Hibernate Validator 5.2.4.Final
09:52:25:919 SpringBootJpa {restartedMain} INFO  o.s.b.c.e.AnnotationConfigEmbeddedWebApplicationContext - Refreshing org.springframework.boot.context.embedded.AnnotationConfigEmbeddedWebApplicationContext@388ef421: startup date [Wed Jun 28 09:52:25 GMT+08:00 2017]; root of context hierarchy
09:52:27:968 SpringBootJpa {restartedMain} INFO  o.s.c.s.PostProcessorRegistrationDelegate$BeanPostProcessorChecker - Bean 'org.springframework.transaction.annotation.ProxyTransactionManagementConfiguration' of type [org.springframework.transaction.annotation.ProxyTransactionManagementConfiguration$$EnhancerBySpringCGLIB$$478fcf75] is not eligible for getting processed by all BeanPostProcessors (for example: not eligible for auto-proxying)
09:52:28:506 SpringBootJpa {restartedMain} INFO  o.s.b.c.e.t.TomcatEmbeddedServletContainer - Tomcat initialized with port(s): 9485 (http)
09:52:28:518 SpringBootJpa {restartedMain} INFO  o.a.catalina.core.StandardService - Starting service Tomcat
09:52:28:519 SpringBootJpa {restartedMain} INFO  o.a.catalina.core.StandardEngine - Starting Servlet Engine: Apache Tomcat/8.5.11
09:52:28:608 SpringBootJpa {localhost-startStop-1} INFO  o.a.c.c.C.[Tomcat].[localhost].[/] - Initializing Spring embedded WebApplicationContext
09:52:28:608 SpringBootJpa {localhost-startStop-1} INFO  o.s.web.context.ContextLoader - Root WebApplicationContext: initialization completed in 2689 ms
09:52:28:787 SpringBootJpa {localhost-startStop-1} INFO  o.s.b.w.s.ServletRegistrationBean - Mapping servlet: 'dispatcherServlet' to [/]
09:52:28:791 SpringBootJpa {localhost-startStop-1} INFO  o.s.b.w.s.FilterRegistrationBean - Mapping filter: 'characterEncodingFilter' to: [/*]
09:52:28:792 SpringBootJpa {localhost-startStop-1} INFO  o.s.b.w.s.FilterRegistrationBean - Mapping filter: 'hiddenHttpMethodFilter' to: [/*]
09:52:28:792 SpringBootJpa {localhost-startStop-1} INFO  o.s.b.w.s.FilterRegistrationBean - Mapping filter: 'httpPutFormContentFilter' to: [/*]
09:52:28:792 SpringBootJpa {localhost-startStop-1} INFO  o.s.b.w.s.FilterRegistrationBean - Mapping filter: 'requestContextFilter' to: [/*]
09:52:29:289 SpringBootJpa {restartedMain} INFO  o.s.w.s.m.m.a.RequestMappingHandlerAdapter - Looking for @ControllerAdvice: org.springframework.boot.context.embedded.AnnotationConfigEmbeddedWebApplicationContext@388ef421: startup date [Wed Jun 28 09:52:25 GMT+08:00 2017]; root of context hierarchy
09:52:29:296 SpringBootJpa {restartedMain} INFO  o.s.w.s.m.m.a.RequestMappingHandlerAdapter - Detected ResponseBodyAdvice bean in fastJsonpResponseBodyAdvice
09:52:29:456 SpringBootJpa {restartedMain} INFO  o.s.w.s.m.m.a.RequestMappingHandlerMapping - Mapped "{[/]}" onto public org.springframework.web.servlet.ModelAndView com.SpringBoot.ibats.controller.IndexController.index(org.springframework.ui.ModelMap)
09:52:29:457 SpringBootJpa {restartedMain} INFO  o.s.w.s.m.m.a.RequestMappingHandlerMapping - Mapped "{[/findAll]}" onto public void com.SpringBoot.ibats.controller.UserController.findAll()
09:52:29:458 SpringBootJpa {restartedMain} INFO  o.s.w.s.m.m.a.RequestMappingHandlerMapping - Mapped "{[/now]}" onto java.lang.String com.SpringBoot.ibats.test.Test1.hehe()
09:52:29:459 SpringBootJpa {restartedMain} INFO  o.s.w.s.m.m.a.RequestMappingHandlerMapping - Mapped "{[/error]}" onto public org.springframework.http.ResponseEntity<java.util.Map<java.lang.String, java.lang.Object>> org.springframework.boot.autoconfigure.web.BasicErrorController.error(javax.servlet.http.HttpServletRequest)
09:52:29:459 SpringBootJpa {restartedMain} INFO  o.s.w.s.m.m.a.RequestMappingHandlerMapping - Mapped "{[/error],produces=[text/html]}" onto public org.springframework.web.servlet.ModelAndView org.springframework.boot.autoconfigure.web.BasicErrorController.errorHtml(javax.servlet.http.HttpServletRequest,javax.servlet.http.HttpServletResponse)
09:52:29:504 SpringBootJpa {restartedMain} INFO  o.s.w.s.m.m.a.ExceptionHandlerExceptionResolver - Detected ResponseBodyAdvice implementation in fastJsonpResponseBodyAdvice
09:52:29:543 SpringBootJpa {restartedMain} INFO  o.s.w.s.h.SimpleUrlHandlerMapping - Mapped URL path [/**/favicon.ico] onto handler of type [class org.springframework.web.servlet.resource.ResourceHttpRequestHandler]
09:52:30:044 SpringBootJpa {restartedMain} INFO  o.s.b.d.a.OptionalLiveReloadServer - LiveReload server is running on port 35729
09:52:30:194 SpringBootJpa {restartedMain} INFO  o.s.j.e.a.AnnotationMBeanExporter - Registering beans for JMX exposure on startup
09:52:30:196 SpringBootJpa {restartedMain} INFO  o.s.j.e.a.AnnotationMBeanExporter - Bean with name 'dataSource' has been autodetected for JMX exposure
09:52:30:201 SpringBootJpa {restartedMain} INFO  o.s.j.e.a.AnnotationMBeanExporter - Located MBean 'dataSource': registering with JMX server as MBean [com.alibaba.druid.pool:name=dataSource,type=DruidDataSource]
09:52:30:217 SpringBootJpa {restartedMain} INFO  o.a.coyote.http11.Http11NioProtocol - Initializing ProtocolHandler ["http-nio-9485"]
09:52:30:229 SpringBootJpa {restartedMain} INFO  o.a.coyote.http11.Http11NioProtocol - Starting ProtocolHandler [http-nio-9485]
09:52:30:242 SpringBootJpa {restartedMain} INFO  o.a.tomcat.util.net.NioSelectorPool - Using a shared selector for servlet write/read
09:52:30:263 SpringBootJpa {restartedMain} INFO  o.s.b.c.e.t.TomcatEmbeddedServletContainer - Tomcat started on port(s): 9485 (http)
09:52:30:268 SpringBootJpa {restartedMain} INFO  com.start - Started start in 5.276 seconds (JVM running for 5.669)
09:52:37:195 SpringBootJpa {http-nio-9485-exec-1} INFO  o.a.c.c.C.[Tomcat].[localhost].[/] - Initializing Spring FrameworkServlet 'dispatcherServlet'
09:52:37:196 SpringBootJpa {http-nio-9485-exec-1} INFO  o.s.web.servlet.DispatcherServlet - FrameworkServlet 'dispatcherServlet': initialization started
09:52:37:213 SpringBootJpa {http-nio-9485-exec-1} INFO  o.s.web.servlet.DispatcherServlet - FrameworkServlet 'dispatcherServlet': initialization completed in 17 ms
09:52:37:253 SpringBootJpa {http-nio-9485-exec-1} INFO  org.thymeleaf.TemplateEngine - [THYMELEAF] INITIALIZING TEMPLATE ENGINE
09:52:37:287 SpringBootJpa {http-nio-9485-exec-1} INFO  o.t.t.AbstractTemplateResolver - [THYMELEAF] INITIALIZING TEMPLATE RESOLVER: org.thymeleaf.spring4.templateresolver.SpringResourceTemplateResolver
09:52:37:288 SpringBootJpa {http-nio-9485-exec-1} INFO  o.t.t.AbstractTemplateResolver - [THYMELEAF] TEMPLATE RESOLVER INITIALIZED OK
09:52:37:288 SpringBootJpa {http-nio-9485-exec-1} INFO  o.t.m.AbstractMessageResolver - [THYMELEAF] INITIALIZING MESSAGE RESOLVER: org.thymeleaf.spring4.messageresolver.SpringMessageResolver
09:52:37:288 SpringBootJpa {http-nio-9485-exec-1} INFO  o.t.m.AbstractMessageResolver - [THYMELEAF] MESSAGE RESOLVER INITIALIZED OK
09:52:37:292 SpringBootJpa {http-nio-9485-exec-1} INFO  org.thymeleaf.TemplateEngine.CONFIG - [THYMELEAF] TEMPLATE ENGINE CONFIGURATION:
[THYMELEAF] * Cache Factory implementation: org.thymeleaf.cache.StandardCacheManager
[THYMELEAF] * Template modes:
[THYMELEAF]     * VALIDXML
[THYMELEAF]     * XHTML
[THYMELEAF]     * HTML5
[THYMELEAF]     * LEGACYHTML5
[THYMELEAF]     * XML
[THYMELEAF]     * VALIDXHTML
[THYMELEAF] * Template resolvers (in order):
[THYMELEAF]     * org.thymeleaf.spring4.templateresolver.SpringResourceTemplateResolver
[THYMELEAF] * Message resolvers (in order):
[THYMELEAF]     * org.thymeleaf.spring4.messageresolver.SpringMessageResolver
[THYMELEAF] * Dialect [1 of 2]: org.thymeleaf.spring4.dialect.SpringStandardDialect
[THYMELEAF]     * Prefix: "th"
[THYMELEAF] * Dialect [2 of 2]: nz.net.ultraq.thymeleaf.LayoutDialect
[THYMELEAF]     * Prefix: "layout"
[THYMELEAF] TEMPLATE ENGINE CONFIGURED OK
09:52:37:292 SpringBootJpa {http-nio-9485-exec-1} INFO  org.thymeleaf.TemplateEngine - [THYMELEAF] TEMPLATE ENGINE INITIALIZED
10:02:58:987 SpringBootJpa {restartedMain} INFO  com.start - Starting start on MS-20170612RTGD with PID 12316 (F:\SPF\idea\springbootibatis\target\classes started by Administrator in F:\SPF\idea\springbootibatis)
10:02:58:990 SpringBootJpa {restartedMain} INFO  com.start - The following profiles are active: dev
10:02:59:250 SpringBootJpa {restartedMain} INFO  o.s.b.c.e.AnnotationConfigEmbeddedWebApplicationContext - Refreshing org.springframework.boot.context.embedded.AnnotationConfigEmbeddedWebApplicationContext@388ef421: startup date [Wed Jun 28 10:02:59 GMT+08:00 2017]; root of context hierarchy
10:02:59:249 SpringBootJpa {background-preinit} INFO  o.h.validator.internal.util.Version - HV000001: Hibernate Validator 5.2.4.Final
10:03:01:105 SpringBootJpa {restartedMain} WARN  o.m.s.mapper.ClassPathMapperScanner - Skipping MapperFactoryBean with name 'userMapper' and 'com.SpringBoot.ibats.mapper.UserMapper' mapperInterface. Bean already defined with the same name!
10:03:01:106 SpringBootJpa {restartedMain} WARN  o.m.s.mapper.ClassPathMapperScanner - No MyBatis mapper was found in '[com.SpringBoot.ibats.mapper]' package. Please check your configuration.
10:03:01:106 SpringBootJpa {restartedMain} WARN  o.s.c.a.ConfigurationClassPostProcessor - Cannot enhance @Configuration bean definition 'myBatisMapperScannerConfig' since its singleton instance has been created too early. The typical cause is a non-static @Bean method with a BeanDefinitionRegistryPostProcessor return type: Consider declaring such methods as 'static'.
10:03:01:343 SpringBootJpa {restartedMain} INFO  o.s.c.s.PostProcessorRegistrationDelegate$BeanPostProcessorChecker - Bean 'org.springframework.boot.autoconfigure.jdbc.DataSourceConfiguration$Generic' of type [org.springframework.boot.autoconfigure.jdbc.DataSourceConfiguration$Generic] is not eligible for getting processed by all BeanPostProcessors (for example: not eligible for auto-proxying)
10:03:01:463 SpringBootJpa {restartedMain} INFO  o.s.c.s.PostProcessorRegistrationDelegate$BeanPostProcessorChecker - Bean 'spring.datasource-org.springframework.boot.autoconfigure.jdbc.DataSourceProperties' of type [org.springframework.boot.autoconfigure.jdbc.DataSourceProperties] is not eligible for getting processed by all BeanPostProcessors (for example: not eligible for auto-proxying)
10:03:01:515 SpringBootJpa {restartedMain} INFO  o.s.c.s.PostProcessorRegistrationDelegate$BeanPostProcessorChecker - Bean 'dataSource' of type [com.alibaba.druid.pool.DruidDataSource] is not eligible for getting processed by all BeanPostProcessors (for example: not eligible for auto-proxying)
10:03:01:523 SpringBootJpa {restartedMain} INFO  o.s.c.s.PostProcessorRegistrationDelegate$BeanPostProcessorChecker - Bean 'org.springframework.boot.autoconfigure.jdbc.DataSourceAutoConfiguration' of type [org.springframework.boot.autoconfigure.jdbc.DataSourceAutoConfiguration$$EnhancerBySpringCGLIB$$bf9a7048] is not eligible for getting processed by all BeanPostProcessors (for example: not eligible for auto-proxying)
10:03:01:543 SpringBootJpa {restartedMain} INFO  o.s.c.s.PostProcessorRegistrationDelegate$BeanPostProcessorChecker - Bean 'dataSourceInitializer' of type [org.springframework.boot.autoconfigure.jdbc.DataSourceInitializer] is not eligible for getting processed by all BeanPostProcessors (for example: not eligible for auto-proxying)
10:03:01:544 SpringBootJpa {restartedMain} INFO  o.s.c.s.PostProcessorRegistrationDelegate$BeanPostProcessorChecker - Bean 'myBatisConfig' of type [com.SpringBoot.ibats.interceptor.config.MyBatisConfig$$EnhancerBySpringCGLIB$$9fbdf92c] is not eligible for getting processed by all BeanPostProcessors (for example: not eligible for auto-proxying)
10:03:01:559 SpringBootJpa {restartedMain} INFO  o.s.c.s.PostProcessorRegistrationDelegate$BeanPostProcessorChecker - Bean 'annotationDrivenTransactionManager' of type [org.springframework.jdbc.datasource.DataSourceTransactionManager] is not eligible for getting processed by all BeanPostProcessors (for example: not eligible for auto-proxying)
10:03:01:560 SpringBootJpa {restartedMain} INFO  o.s.c.s.PostProcessorRegistrationDelegate$BeanPostProcessorChecker - Bean 'org.springframework.transaction.annotation.ProxyTransactionManagementConfiguration' of type [org.springframework.transaction.annotation.ProxyTransactionManagementConfiguration$$EnhancerBySpringCGLIB$$dda6cce8] is not eligible for getting processed by all BeanPostProcessors (for example: not eligible for auto-proxying)
10:03:01:994 SpringBootJpa {restartedMain} INFO  o.s.b.c.e.t.TomcatEmbeddedServletContainer - Tomcat initialized with port(s): 9485 (http)
10:03:02:004 SpringBootJpa {restartedMain} INFO  o.a.catalina.core.StandardService - Starting service Tomcat
10:03:02:005 SpringBootJpa {restartedMain} INFO  o.a.catalina.core.StandardEngine - Starting Servlet Engine: Apache Tomcat/8.5.11
10:03:02:086 SpringBootJpa {localhost-startStop-1} INFO  o.a.c.c.C.[Tomcat].[localhost].[/] - Initializing Spring embedded WebApplicationContext
10:03:02:086 SpringBootJpa {localhost-startStop-1} INFO  o.s.web.context.ContextLoader - Root WebApplicationContext: initialization completed in 2836 ms
10:03:02:279 SpringBootJpa {localhost-startStop-1} INFO  o.s.b.w.s.ServletRegistrationBean - Mapping servlet: 'dispatcherServlet' to [/]
10:03:02:283 SpringBootJpa {localhost-startStop-1} INFO  o.s.b.w.s.FilterRegistrationBean - Mapping filter: 'characterEncodingFilter' to: [/*]
10:03:02:284 SpringBootJpa {localhost-startStop-1} INFO  o.s.b.w.s.FilterRegistrationBean - Mapping filter: 'hiddenHttpMethodFilter' to: [/*]
10:03:02:284 SpringBootJpa {localhost-startStop-1} INFO  o.s.b.w.s.FilterRegistrationBean - Mapping filter: 'httpPutFormContentFilter' to: [/*]
10:03:02:284 SpringBootJpa {localhost-startStop-1} INFO  o.s.b.w.s.FilterRegistrationBean - Mapping filter: 'requestContextFilter' to: [/*]
10:03:02:356 SpringBootJpa {restartedMain} WARN  o.s.b.c.e.AnnotationConfigEmbeddedWebApplicationContext - Exception encountered during context initialization - cancelling refresh attempt: org.springframework.beans.factory.UnsatisfiedDependencyException: Error creating bean with name 'userController': Unsatisfied dependency expressed through field 'userService'; nested exception is org.springframework.beans.factory.UnsatisfiedDependencyException: Error creating bean with name 'userServiceImpl': Unsatisfied dependency expressed through field 'userMapper'; nested exception is org.springframework.beans.factory.UnsatisfiedDependencyException: Error creating bean with name 'userMapper' defined in file [F:\SPF\idea\springbootibatis\target\classes\com\mapper\UserMapper.class]: Unsatisfied dependency expressed through bean property 'sqlSessionFactory'; nested exception is org.springframework.beans.factory.BeanCreationException: Error creating bean with name 'sqlSessionFactory' defined in class path resource [com/interceptor/config/MyBatisConfig.class]: Bean instantiation via factory method failed; nested exception is org.springframework.beans.BeanInstantiationException: Failed to instantiate [org.apache.ibatis.session.SqlSessionFactory]: Factory method 'sqlSessionFactoryBean' threw exception; nested exception is java.lang.IllegalArgumentException: Mybatis分页插件无法获取dialect参数!
10:03:02:359 SpringBootJpa {restartedMain} INFO  o.a.catalina.core.StandardService - Stopping service Tomcat
10:03:02:437 SpringBootJpa {restartedMain} INFO  o.s.b.a.l.AutoConfigurationReportLoggingInitializer - 

Error starting ApplicationContext. To display the auto-configuration report re-run your application with 'debug' enabled.
10:03:02:443 SpringBootJpa {restartedMain} ERROR o.s.boot.SpringApplication - Application startup failed
org.springframework.beans.factory.UnsatisfiedDependencyException: Error creating bean with name 'userController': Unsatisfied dependency expressed through field 'userService'; nested exception is org.springframework.beans.factory.UnsatisfiedDependencyException: Error creating bean with name 'userServiceImpl': Unsatisfied dependency expressed through field 'userMapper'; nested exception is org.springframework.beans.factory.UnsatisfiedDependencyException: Error creating bean with name 'userMapper' defined in file [F:\SPF\idea\springbootibatis\target\classes\com\mapper\UserMapper.class]: Unsatisfied dependency expressed through bean property 'sqlSessionFactory'; nested exception is org.springframework.beans.factory.BeanCreationException: Error creating bean with name 'sqlSessionFactory' defined in class path resource [com/interceptor/config/MyBatisConfig.class]: Bean instantiation via factory method failed; nested exception is org.springframework.beans.BeanInstantiationException: Failed to instantiate [org.apache.ibatis.session.SqlSessionFactory]: Factory method 'sqlSessionFactoryBean' threw exception; nested exception is java.lang.IllegalArgumentException: Mybatis分页插件无法获取dialect参数!
	at org.springframework.beans.factory.annotation.AutowiredAnnotationBeanPostProcessor$AutowiredFieldElement.inject(AutowiredAnnotationBeanPostProcessor.java:588)
	at org.springframework.beans.factory.annotation.InjectionMetadata.inject(InjectionMetadata.java:88)
	at org.springframework.beans.factory.annotation.AutowiredAnnotationBeanPostProcessor.postProcessPropertyValues(AutowiredAnnotationBeanPostProcessor.java:366)
	at org.springframework.beans.factory.support.AbstractAutowireCapableBeanFactory.populateBean(AbstractAutowireCapableBeanFactory.java:1264)
	at org.springframework.beans.factory.support.AbstractAutowireCapableBeanFactory.doCreateBean(AbstractAutowireCapableBeanFactory.java:553)
	at org.springframework.beans.factory.support.AbstractAutowireCapableBeanFactory.createBean(AbstractAutowireCapableBeanFactory.java:483)
	at org.springframework.beans.factory.support.AbstractBeanFactory$1.getObject(AbstractBeanFactory.java:306)
	at org.springframework.beans.factory.support.DefaultSingletonBeanRegistry.getSingleton(DefaultSingletonBeanRegistry.java:230)
	at org.springframework.beans.factory.support.AbstractBeanFactory.doGetBean(AbstractBeanFactory.java:302)
	at org.springframework.beans.factory.support.AbstractBeanFactory.getBean(AbstractBeanFactory.java:197)
	at org.springframework.beans.factory.support.DefaultListableBeanFactory.preInstantiateSingletons(DefaultListableBeanFactory.java:761)
	at org.springframework.context.support.AbstractApplicationContext.finishBeanFactoryInitialization(AbstractApplicationContext.java:866)
	at org.springframework.context.support.AbstractApplicationContext.refresh(AbstractApplicationContext.java:542)
	at org.springframework.boot.context.embedded.EmbeddedWebApplicationContext.refresh(EmbeddedWebApplicationContext.java:122)
	at org.springframework.boot.SpringApplication.refresh(SpringApplication.java:762)
	at org.springframework.boot.SpringApplication.refreshContext(SpringApplication.java:372)
	at org.springframework.boot.SpringApplication.run(SpringApplication.java:316)
	at org.springframework.boot.SpringApplication.run(SpringApplication.java:1187)
	at org.springframework.boot.SpringApplication.run(SpringApplication.java:1176)
	at com.start.main(start.java:28)
	at sun.reflect.NativeMethodAccessorImpl.invoke0(Native Method)
	at sun.reflect.NativeMethodAccessorImpl.invoke(NativeMethodAccessorImpl.java:62)
	at sun.reflect.DelegatingMethodAccessorImpl.invoke(DelegatingMethodAccessorImpl.java:43)
	at java.lang.reflect.Method.invoke(Method.java:498)
	at org.springframework.boot.devtools.restart.RestartLauncher.run(RestartLauncher.java:49)
Caused by: org.springframework.beans.factory.UnsatisfiedDependencyException: Error creating bean with name 'userServiceImpl': Unsatisfied dependency expressed through field 'userMapper'; nested exception is org.springframework.beans.factory.UnsatisfiedDependencyException: Error creating bean with name 'userMapper' defined in file [F:\SPF\idea\springbootibatis\target\classes\com\mapper\UserMapper.class]: Unsatisfied dependency expressed through bean property 'sqlSessionFactory'; nested exception is org.springframework.beans.factory.BeanCreationException: Error creating bean with name 'sqlSessionFactory' defined in class path resource [com/interceptor/config/MyBatisConfig.class]: Bean instantiation via factory method failed; nested exception is org.springframework.beans.BeanInstantiationException: Failed to instantiate [org.apache.ibatis.session.SqlSessionFactory]: Factory method 'sqlSessionFactoryBean' threw exception; nested exception is java.lang.IllegalArgumentException: Mybatis分页插件无法获取dialect参数!
	at org.springframework.beans.factory.annotation.AutowiredAnnotationBeanPostProcessor$AutowiredFieldElement.inject(AutowiredAnnotationBeanPostProcessor.java:588)
	at org.springframework.beans.factory.annotation.InjectionMetadata.inject(InjectionMetadata.java:88)
	at org.springframework.beans.factory.annotation.AutowiredAnnotationBeanPostProcessor.postProcessPropertyValues(AutowiredAnnotationBeanPostProcessor.java:366)
	at org.springframework.beans.factory.support.AbstractAutowireCapableBeanFactory.populateBean(AbstractAutowireCapableBeanFactory.java:1264)
	at org.springframework.beans.factory.support.AbstractAutowireCapableBeanFactory.doCreateBean(AbstractAutowireCapableBeanFactory.java:553)
	at org.springframework.beans.factory.support.AbstractAutowireCapableBeanFactory.createBean(AbstractAutowireCapableBeanFactory.java:483)
	at org.springframework.beans.factory.support.AbstractBeanFactory$1.getObject(AbstractBeanFactory.java:306)
	at org.springframework.beans.factory.support.DefaultSingletonBeanRegistry.getSingleton(DefaultSingletonBeanRegistry.java:230)
	at org.springframework.beans.factory.support.AbstractBeanFactory.doGetBean(AbstractBeanFactory.java:302)
	at org.springframework.beans.factory.support.AbstractBeanFactory.getBean(AbstractBeanFactory.java:202)
	at org.springframework.beans.factory.config.DependencyDescriptor.resolveCandidate(DependencyDescriptor.java:208)
	at org.springframework.beans.factory.support.DefaultListableBeanFactory.doResolveDependency(DefaultListableBeanFactory.java:1138)
	at org.springframework.beans.factory.support.DefaultListableBeanFactory.resolveDependency(DefaultListableBeanFactory.java:1066)
	at org.springframework.beans.factory.annotation.AutowiredAnnotationBeanPostProcessor$AutowiredFieldElement.inject(AutowiredAnnotationBeanPostProcessor.java:585)
	... 24 common frames omitted
Caused by: org.springframework.beans.factory.UnsatisfiedDependencyException: Error creating bean with name 'userMapper' defined in file [F:\SPF\idea\springbootibatis\target\classes\com\mapper\UserMapper.class]: Unsatisfied dependency expressed through bean property 'sqlSessionFactory'; nested exception is org.springframework.beans.factory.BeanCreationException: Error creating bean with name 'sqlSessionFactory' defined in class path resource [com/interceptor/config/MyBatisConfig.class]: Bean instantiation via factory method failed; nested exception is org.springframework.beans.BeanInstantiationException: Failed to instantiate [org.apache.ibatis.session.SqlSessionFactory]: Factory method 'sqlSessionFactoryBean' threw exception; nested exception is java.lang.IllegalArgumentException: Mybatis分页插件无法获取dialect参数!
	at org.springframework.beans.factory.support.AbstractAutowireCapableBeanFactory.autowireByType(AbstractAutowireCapableBeanFactory.java:1357)
	at org.springframework.beans.factory.support.AbstractAutowireCapableBeanFactory.populateBean(AbstractAutowireCapableBeanFactory.java:1249)
	at org.springframework.beans.factory.support.AbstractAutowireCapableBeanFactory.doCreateBean(AbstractAutowireCapableBeanFactory.java:553)
	at org.springframework.beans.factory.support.AbstractAutowireCapableBeanFactory.createBean(AbstractAutowireCapableBeanFactory.java:483)
	at org.springframework.beans.factory.support.AbstractBeanFactory$1.getObject(AbstractBeanFactory.java:306)
	at org.springframework.beans.factory.support.DefaultSingletonBeanRegistry.getSingleton(DefaultSingletonBeanRegistry.java:230)
	at org.springframework.beans.factory.support.AbstractBeanFactory.doGetBean(AbstractBeanFactory.java:302)
	at org.springframework.beans.factory.support.AbstractBeanFactory.getBean(AbstractBeanFactory.java:202)
	at org.springframework.beans.factory.config.DependencyDescriptor.resolveCandidate(DependencyDescriptor.java:208)
	at org.springframework.beans.factory.support.DefaultListableBeanFactory.doResolveDependency(DefaultListableBeanFactory.java:1138)
	at org.springframework.beans.factory.support.DefaultListableBeanFactory.resolveDependency(DefaultListableBeanFactory.java:1066)
	at org.springframework.beans.factory.annotation.AutowiredAnnotationBeanPostProcessor$AutowiredFieldElement.inject(AutowiredAnnotationBeanPostProcessor.java:585)
	... 37 common frames omitted
Caused by: org.springframework.beans.factory.BeanCreationException: Error creating bean with name 'sqlSessionFactory' defined in class path resource [com/interceptor/config/MyBatisConfig.class]: Bean instantiation via factory method failed; nested exception is org.springframework.beans.BeanInstantiationException: Failed to instantiate [org.apache.ibatis.session.SqlSessionFactory]: Factory method 'sqlSessionFactoryBean' threw exception; nested exception is java.lang.IllegalArgumentException: Mybatis分页插件无法获取dialect参数!
	at org.springframework.beans.factory.support.ConstructorResolver.instantiateUsingFactoryMethod(ConstructorResolver.java:599)
	at org.springframework.beans.factory.support.AbstractAutowireCapableBeanFactory.instantiateUsingFactoryMethod(AbstractAutowireCapableBeanFactory.java:1173)
	at org.springframework.beans.factory.support.AbstractAutowireCapableBeanFactory.createBeanInstance(AbstractAutowireCapableBeanFactory.java:1067)
	at org.springframework.beans.factory.support.AbstractAutowireCapableBeanFactory.doCreateBean(AbstractAutowireCapableBeanFactory.java:513)
	at org.springframework.beans.factory.support.AbstractAutowireCapableBeanFactory.createBean(AbstractAutowireCapableBeanFactory.java:483)
	at org.springframework.beans.factory.support.AbstractBeanFactory$1.getObject(AbstractBeanFactory.java:306)
	at org.springframework.beans.factory.support.DefaultSingletonBeanRegistry.getSingleton(DefaultSingletonBeanRegistry.java:230)
	at org.springframework.beans.factory.support.AbstractBeanFactory.doGetBean(AbstractBeanFactory.java:302)
	at org.springframework.beans.factory.support.AbstractBeanFactory.getBean(AbstractBeanFactory.java:202)
	at org.springframework.beans.factory.config.DependencyDescriptor.resolveCandidate(DependencyDescriptor.java:208)
	at org.springframework.beans.factory.support.DefaultListableBeanFactory.doResolveDependency(DefaultListableBeanFactory.java:1138)
	at org.springframework.beans.factory.support.DefaultListableBeanFactory.resolveDependency(DefaultListableBeanFactory.java:1066)
	at org.springframework.beans.factory.support.AbstractAutowireCapableBeanFactory.autowireByType(AbstractAutowireCapableBeanFactory.java:1342)
	... 48 common frames omitted
Caused by: org.springframework.beans.BeanInstantiationException: Failed to instantiate [org.apache.ibatis.session.SqlSessionFactory]: Factory method 'sqlSessionFactoryBean' threw exception; nested exception is java.lang.IllegalArgumentException: Mybatis分页插件无法获取dialect参数!
	at org.springframework.beans.factory.support.SimpleInstantiationStrategy.instantiate(SimpleInstantiationStrategy.java:189)
	at org.springframework.beans.factory.support.ConstructorResolver.instantiateUsingFactoryMethod(ConstructorResolver.java:588)
	... 60 common frames omitted
Caused by: java.lang.IllegalArgumentException: Mybatis分页插件无法获取dialect参数!
	at com.github.pagehelper.SqlUtil.<init>(SqlUtil.java:91)
	at com.github.pagehelper.PageHelper.setProperties(PageHelper.java:143)
	at com.SpringBoot.ibats.interceptor.config.MyBatisConfig.sqlSessionFactoryBean(MyBatisConfig.java:44)
	at com.SpringBoot.ibats.interceptor.config.MyBatisConfig$$EnhancerBySpringCGLIB$$9fbdf92c.CGLIB$sqlSessionFactoryBean$2(<generated>)
	at com.SpringBoot.ibats.interceptor.config.MyBatisConfig$$EnhancerBySpringCGLIB$$9fbdf92c$$FastClassBySpringCGLIB$$7c6cfb2d.invoke(<generated>)
	at org.springframework.cglib.proxy.MethodProxy.invokeSuper(MethodProxy.java:228)
	at org.springframework.context.annotation.ConfigurationClassEnhancer$BeanMethodInterceptor.intercept(ConfigurationClassEnhancer.java:358)
	at com.SpringBoot.ibats.interceptor.config.MyBatisConfig$$EnhancerBySpringCGLIB$$9fbdf92c.sqlSessionFactoryBean(<generated>)
	at sun.reflect.NativeMethodAccessorImpl.invoke0(Native Method)
	at sun.reflect.NativeMethodAccessorImpl.invoke(NativeMethodAccessorImpl.java:62)
	at sun.reflect.DelegatingMethodAccessorImpl.invoke(DelegatingMethodAccessorImpl.java:43)
	at java.lang.reflect.Method.invoke(Method.java:498)
	at org.springframework.beans.factory.support.SimpleInstantiationStrategy.instantiate(SimpleInstantiationStrategy.java:162)
	... 61 common frames omitted
10:05:09:638 SpringBootJpa {restartedMain} INFO  com.start - Starting start on MS-20170612RTGD with PID 13260 (F:\SPF\idea\springbootibatis\target\classes started by Administrator in F:\SPF\idea\springbootibatis)
10:05:09:641 SpringBootJpa {restartedMain} INFO  com.start - The following profiles are active: dev
10:05:09:866 SpringBootJpa {background-preinit} INFO  o.h.validator.internal.util.Version - HV000001: Hibernate Validator 5.2.4.Final
10:05:09:920 SpringBootJpa {restartedMain} INFO  o.s.b.c.e.AnnotationConfigEmbeddedWebApplicationContext - Refreshing org.springframework.boot.context.embedded.AnnotationConfigEmbeddedWebApplicationContext@349aef5b: startup date [Wed Jun 28 10:05:09 GMT+08:00 2017]; root of context hierarchy
10:05:11:698 SpringBootJpa {restartedMain} WARN  o.m.s.mapper.ClassPathMapperScanner - No MyBatis mapper was found in '[com.start]' package. Please check your configuration.
10:05:11:782 SpringBootJpa {restartedMain} WARN  o.s.c.a.ConfigurationClassPostProcessor - Cannot enhance @Configuration bean definition 'myBatisMapperScannerConfig' since its singleton instance has been created too early. The typical cause is a non-static @Bean method with a BeanDefinitionRegistryPostProcessor return type: Consider declaring such methods as 'static'.
10:05:12:030 SpringBootJpa {restartedMain} INFO  o.s.c.s.PostProcessorRegistrationDelegate$BeanPostProcessorChecker - Bean 'org.springframework.boot.autoconfigure.jdbc.DataSourceConfiguration$Generic' of type [org.springframework.boot.autoconfigure.jdbc.DataSourceConfiguration$Generic] is not eligible for getting processed by all BeanPostProcessors (for example: not eligible for auto-proxying)
10:05:12:151 SpringBootJpa {restartedMain} INFO  o.s.c.s.PostProcessorRegistrationDelegate$BeanPostProcessorChecker - Bean 'spring.datasource-org.springframework.boot.autoconfigure.jdbc.DataSourceProperties' of type [org.springframework.boot.autoconfigure.jdbc.DataSourceProperties] is not eligible for getting processed by all BeanPostProcessors (for example: not eligible for auto-proxying)
10:05:12:195 SpringBootJpa {restartedMain} INFO  o.s.c.s.PostProcessorRegistrationDelegate$BeanPostProcessorChecker - Bean 'dataSource' of type [com.alibaba.druid.pool.DruidDataSource] is not eligible for getting processed by all BeanPostProcessors (for example: not eligible for auto-proxying)
10:05:12:204 SpringBootJpa {restartedMain} INFO  o.s.c.s.PostProcessorRegistrationDelegate$BeanPostProcessorChecker - Bean 'org.springframework.boot.autoconfigure.jdbc.DataSourceAutoConfiguration' of type [org.springframework.boot.autoconfigure.jdbc.DataSourceAutoConfiguration$$EnhancerBySpringCGLIB$$e010db96] is not eligible for getting processed by all BeanPostProcessors (for example: not eligible for auto-proxying)
10:05:12:222 SpringBootJpa {restartedMain} INFO  o.s.c.s.PostProcessorRegistrationDelegate$BeanPostProcessorChecker - Bean 'dataSourceInitializer' of type [org.springframework.boot.autoconfigure.jdbc.DataSourceInitializer] is not eligible for getting processed by all BeanPostProcessors (for example: not eligible for auto-proxying)
10:05:12:223 SpringBootJpa {restartedMain} INFO  o.s.c.s.PostProcessorRegistrationDelegate$BeanPostProcessorChecker - Bean 'myBatisConfig' of type [com.SpringBoot.ibats.interceptor.config.MyBatisConfig$$EnhancerBySpringCGLIB$$c034647a] is not eligible for getting processed by all BeanPostProcessors (for example: not eligible for auto-proxying)
10:05:12:235 SpringBootJpa {restartedMain} INFO  o.s.c.s.PostProcessorRegistrationDelegate$BeanPostProcessorChecker - Bean 'annotationDrivenTransactionManager' of type [org.springframework.jdbc.datasource.DataSourceTransactionManager] is not eligible for getting processed by all BeanPostProcessors (for example: not eligible for auto-proxying)
10:05:12:236 SpringBootJpa {restartedMain} INFO  o.s.c.s.PostProcessorRegistrationDelegate$BeanPostProcessorChecker - Bean 'org.springframework.transaction.annotation.ProxyTransactionManagementConfiguration' of type [org.springframework.transaction.annotation.ProxyTransactionManagementConfiguration$$EnhancerBySpringCGLIB$$fe1d3836] is not eligible for getting processed by all BeanPostProcessors (for example: not eligible for auto-proxying)
10:05:12:658 SpringBootJpa {restartedMain} INFO  o.s.b.c.e.t.TomcatEmbeddedServletContainer - Tomcat initialized with port(s): 9485 (http)
10:05:12:673 SpringBootJpa {restartedMain} INFO  o.a.catalina.core.StandardService - Starting service Tomcat
10:05:12:674 SpringBootJpa {restartedMain} INFO  o.a.catalina.core.StandardEngine - Starting Servlet Engine: Apache Tomcat/8.5.11
10:05:12:764 SpringBootJpa {localhost-startStop-1} INFO  o.a.c.c.C.[Tomcat].[localhost].[/] - Initializing Spring embedded WebApplicationContext
10:05:12:764 SpringBootJpa {localhost-startStop-1} INFO  o.s.web.context.ContextLoader - Root WebApplicationContext: initialization completed in 2844 ms
10:05:13:013 SpringBootJpa {localhost-startStop-1} INFO  o.s.b.w.s.ServletRegistrationBean - Mapping servlet: 'dispatcherServlet' to [/]
10:05:13:019 SpringBootJpa {localhost-startStop-1} INFO  o.s.b.w.s.FilterRegistrationBean - Mapping filter: 'characterEncodingFilter' to: [/*]
10:05:13:019 SpringBootJpa {localhost-startStop-1} INFO  o.s.b.w.s.FilterRegistrationBean - Mapping filter: 'hiddenHttpMethodFilter' to: [/*]
10:05:13:019 SpringBootJpa {localhost-startStop-1} INFO  o.s.b.w.s.FilterRegistrationBean - Mapping filter: 'httpPutFormContentFilter' to: [/*]
10:05:13:019 SpringBootJpa {localhost-startStop-1} INFO  o.s.b.w.s.FilterRegistrationBean - Mapping filter: 'requestContextFilter' to: [/*]
10:05:13:082 SpringBootJpa {restartedMain} WARN  o.s.b.c.e.AnnotationConfigEmbeddedWebApplicationContext - Exception encountered during context initialization - cancelling refresh attempt: org.springframework.beans.factory.UnsatisfiedDependencyException: Error creating bean with name 'userController': Unsatisfied dependency expressed through field 'userService'; nested exception is org.springframework.beans.factory.UnsatisfiedDependencyException: Error creating bean with name 'userServiceImpl': Unsatisfied dependency expressed through field 'userMapper'; nested exception is org.springframework.beans.factory.BeanCreationException: Error creating bean with name 'userMapper' defined in file [F:\SPF\idea\springbootibatis\target\classes\com\mapper\UserMapper.class]: Cannot resolve reference to bean 'sqlSessionFactory' while setting bean property 'sqlSessionFactory'; nested exception is org.springframework.beans.factory.BeanCreationException: Error creating bean with name 'sqlSessionFactory' defined in class path resource [com/interceptor/config/MyBatisConfig.class]: Bean instantiation via factory method failed; nested exception is org.springframework.beans.BeanInstantiationException: Failed to instantiate [org.apache.ibatis.session.SqlSessionFactory]: Factory method 'sqlSessionFactoryBean' threw exception; nested exception is java.lang.IllegalArgumentException: Mybatis分页插件无法获取dialect参数!
10:05:13:084 SpringBootJpa {restartedMain} INFO  o.a.catalina.core.StandardService - Stopping service Tomcat
10:05:13:108 SpringBootJpa {restartedMain} INFO  o.s.b.a.l.AutoConfigurationReportLoggingInitializer - 

Error starting ApplicationContext. To display the auto-configuration report re-run your application with 'debug' enabled.
10:05:13:113 SpringBootJpa {restartedMain} ERROR o.s.boot.SpringApplication - Application startup failed
org.springframework.beans.factory.UnsatisfiedDependencyException: Error creating bean with name 'userController': Unsatisfied dependency expressed through field 'userService'; nested exception is org.springframework.beans.factory.UnsatisfiedDependencyException: Error creating bean with name 'userServiceImpl': Unsatisfied dependency expressed through field 'userMapper'; nested exception is org.springframework.beans.factory.BeanCreationException: Error creating bean with name 'userMapper' defined in file [F:\SPF\idea\springbootibatis\target\classes\com\mapper\UserMapper.class]: Cannot resolve reference to bean 'sqlSessionFactory' while setting bean property 'sqlSessionFactory'; nested exception is org.springframework.beans.factory.BeanCreationException: Error creating bean with name 'sqlSessionFactory' defined in class path resource [com/interceptor/config/MyBatisConfig.class]: Bean instantiation via factory method failed; nested exception is org.springframework.beans.BeanInstantiationException: Failed to instantiate [org.apache.ibatis.session.SqlSessionFactory]: Factory method 'sqlSessionFactoryBean' threw exception; nested exception is java.lang.IllegalArgumentException: Mybatis分页插件无法获取dialect参数!
	at org.springframework.beans.factory.annotation.AutowiredAnnotationBeanPostProcessor$AutowiredFieldElement.inject(AutowiredAnnotationBeanPostProcessor.java:588)
	at org.springframework.beans.factory.annotation.InjectionMetadata.inject(InjectionMetadata.java:88)
	at org.springframework.beans.factory.annotation.AutowiredAnnotationBeanPostProcessor.postProcessPropertyValues(AutowiredAnnotationBeanPostProcessor.java:366)
	at org.springframework.beans.factory.support.AbstractAutowireCapableBeanFactory.populateBean(AbstractAutowireCapableBeanFactory.java:1264)
	at org.springframework.beans.factory.support.AbstractAutowireCapableBeanFactory.doCreateBean(AbstractAutowireCapableBeanFactory.java:553)
	at org.springframework.beans.factory.support.AbstractAutowireCapableBeanFactory.createBean(AbstractAutowireCapableBeanFactory.java:483)
	at org.springframework.beans.factory.support.AbstractBeanFactory$1.getObject(AbstractBeanFactory.java:306)
	at org.springframework.beans.factory.support.DefaultSingletonBeanRegistry.getSingleton(DefaultSingletonBeanRegistry.java:230)
	at org.springframework.beans.factory.support.AbstractBeanFactory.doGetBean(AbstractBeanFactory.java:302)
	at org.springframework.beans.factory.support.AbstractBeanFactory.getBean(AbstractBeanFactory.java:197)
	at org.springframework.beans.factory.support.DefaultListableBeanFactory.preInstantiateSingletons(DefaultListableBeanFactory.java:761)
	at org.springframework.context.support.AbstractApplicationContext.finishBeanFactoryInitialization(AbstractApplicationContext.java:866)
	at org.springframework.context.support.AbstractApplicationContext.refresh(AbstractApplicationContext.java:542)
	at org.springframework.boot.context.embedded.EmbeddedWebApplicationContext.refresh(EmbeddedWebApplicationContext.java:122)
	at org.springframework.boot.SpringApplication.refresh(SpringApplication.java:762)
	at org.springframework.boot.SpringApplication.refreshContext(SpringApplication.java:372)
	at org.springframework.boot.SpringApplication.run(SpringApplication.java:316)
	at org.springframework.boot.SpringApplication.run(SpringApplication.java:1187)
	at org.springframework.boot.SpringApplication.run(SpringApplication.java:1176)
	at com.start.main(start.java:28)
	at sun.reflect.NativeMethodAccessorImpl.invoke0(Native Method)
	at sun.reflect.NativeMethodAccessorImpl.invoke(NativeMethodAccessorImpl.java:62)
	at sun.reflect.DelegatingMethodAccessorImpl.invoke(DelegatingMethodAccessorImpl.java:43)
	at java.lang.reflect.Method.invoke(Method.java:498)
	at org.springframework.boot.devtools.restart.RestartLauncher.run(RestartLauncher.java:49)
Caused by: org.springframework.beans.factory.UnsatisfiedDependencyException: Error creating bean with name 'userServiceImpl': Unsatisfied dependency expressed through field 'userMapper'; nested exception is org.springframework.beans.factory.BeanCreationException: Error creating bean with name 'userMapper' defined in file [F:\SPF\idea\springbootibatis\target\classes\com\mapper\UserMapper.class]: Cannot resolve reference to bean 'sqlSessionFactory' while setting bean property 'sqlSessionFactory'; nested exception is org.springframework.beans.factory.BeanCreationException: Error creating bean with name 'sqlSessionFactory' defined in class path resource [com/interceptor/config/MyBatisConfig.class]: Bean instantiation via factory method failed; nested exception is org.springframework.beans.BeanInstantiationException: Failed to instantiate [org.apache.ibatis.session.SqlSessionFactory]: Factory method 'sqlSessionFactoryBean' threw exception; nested exception is java.lang.IllegalArgumentException: Mybatis分页插件无法获取dialect参数!
	at org.springframework.beans.factory.annotation.AutowiredAnnotationBeanPostProcessor$AutowiredFieldElement.inject(AutowiredAnnotationBeanPostProcessor.java:588)
	at org.springframework.beans.factory.annotation.InjectionMetadata.inject(InjectionMetadata.java:88)
	at org.springframework.beans.factory.annotation.AutowiredAnnotationBeanPostProcessor.postProcessPropertyValues(AutowiredAnnotationBeanPostProcessor.java:366)
	at org.springframework.beans.factory.support.AbstractAutowireCapableBeanFactory.populateBean(AbstractAutowireCapableBeanFactory.java:1264)
	at org.springframework.beans.factory.support.AbstractAutowireCapableBeanFactory.doCreateBean(AbstractAutowireCapableBeanFactory.java:553)
	at org.springframework.beans.factory.support.AbstractAutowireCapableBeanFactory.createBean(AbstractAutowireCapableBeanFactory.java:483)
	at org.springframework.beans.factory.support.AbstractBeanFactory$1.getObject(AbstractBeanFactory.java:306)
	at org.springframework.beans.factory.support.DefaultSingletonBeanRegistry.getSingleton(DefaultSingletonBeanRegistry.java:230)
	at org.springframework.beans.factory.support.AbstractBeanFactory.doGetBean(AbstractBeanFactory.java:302)
	at org.springframework.beans.factory.support.AbstractBeanFactory.getBean(AbstractBeanFactory.java:202)
	at org.springframework.beans.factory.config.DependencyDescriptor.resolveCandidate(DependencyDescriptor.java:208)
	at org.springframework.beans.factory.support.DefaultListableBeanFactory.doResolveDependency(DefaultListableBeanFactory.java:1138)
	at org.springframework.beans.factory.support.DefaultListableBeanFactory.resolveDependency(DefaultListableBeanFactory.java:1066)
	at org.springframework.beans.factory.annotation.AutowiredAnnotationBeanPostProcessor$AutowiredFieldElement.inject(AutowiredAnnotationBeanPostProcessor.java:585)
	... 24 common frames omitted
Caused by: org.springframework.beans.factory.BeanCreationException: Error creating bean with name 'userMapper' defined in file [F:\SPF\idea\springbootibatis\target\classes\com\mapper\UserMapper.class]: Cannot resolve reference to bean 'sqlSessionFactory' while setting bean property 'sqlSessionFactory'; nested exception is org.springframework.beans.factory.BeanCreationException: Error creating bean with name 'sqlSessionFactory' defined in class path resource [com/interceptor/config/MyBatisConfig.class]: Bean instantiation via factory method failed; nested exception is org.springframework.beans.BeanInstantiationException: Failed to instantiate [org.apache.ibatis.session.SqlSessionFactory]: Factory method 'sqlSessionFactoryBean' threw exception; nested exception is java.lang.IllegalArgumentException: Mybatis分页插件无法获取dialect参数!
	at org.springframework.beans.factory.support.BeanDefinitionValueResolver.resolveReference(BeanDefinitionValueResolver.java:359)
	at org.springframework.beans.factory.support.BeanDefinitionValueResolver.resolveValueIfNecessary(BeanDefinitionValueResolver.java:108)
	at org.springframework.beans.factory.support.AbstractAutowireCapableBeanFactory.applyPropertyValues(AbstractAutowireCapableBeanFactory.java:1531)
	at org.springframework.beans.factory.support.AbstractAutowireCapableBeanFactory.populateBean(AbstractAutowireCapableBeanFactory.java:1276)
	at org.springframework.beans.factory.support.AbstractAutowireCapableBeanFactory.doCreateBean(AbstractAutowireCapableBeanFactory.java:553)
	at org.springframework.beans.factory.support.AbstractAutowireCapableBeanFactory.createBean(AbstractAutowireCapableBeanFactory.java:483)
	at org.springframework.beans.factory.support.AbstractBeanFactory$1.getObject(AbstractBeanFactory.java:306)
	at org.springframework.beans.factory.support.DefaultSingletonBeanRegistry.getSingleton(DefaultSingletonBeanRegistry.java:230)
	at org.springframework.beans.factory.support.AbstractBeanFactory.doGetBean(AbstractBeanFactory.java:302)
	at org.springframework.beans.factory.support.AbstractBeanFactory.getBean(AbstractBeanFactory.java:202)
	at org.springframework.beans.factory.config.DependencyDescriptor.resolveCandidate(DependencyDescriptor.java:208)
	at org.springframework.beans.factory.support.DefaultListableBeanFactory.doResolveDependency(DefaultListableBeanFactory.java:1138)
	at org.springframework.beans.factory.support.DefaultListableBeanFactory.resolveDependency(DefaultListableBeanFactory.java:1066)
	at org.springframework.beans.factory.annotation.AutowiredAnnotationBeanPostProcessor$AutowiredFieldElement.inject(AutowiredAnnotationBeanPostProcessor.java:585)
	... 37 common frames omitted
Caused by: org.springframework.beans.factory.BeanCreationException: Error creating bean with name 'sqlSessionFactory' defined in class path resource [com/interceptor/config/MyBatisConfig.class]: Bean instantiation via factory method failed; nested exception is org.springframework.beans.BeanInstantiationException: Failed to instantiate [org.apache.ibatis.session.SqlSessionFactory]: Factory method 'sqlSessionFactoryBean' threw exception; nested exception is java.lang.IllegalArgumentException: Mybatis分页插件无法获取dialect参数!
	at org.springframework.beans.factory.support.ConstructorResolver.instantiateUsingFactoryMethod(ConstructorResolver.java:599)
	at org.springframework.beans.factory.support.AbstractAutowireCapableBeanFactory.instantiateUsingFactoryMethod(AbstractAutowireCapableBeanFactory.java:1173)
	at org.springframework.beans.factory.support.AbstractAutowireCapableBeanFactory.createBeanInstance(AbstractAutowireCapableBeanFactory.java:1067)
	at org.springframework.beans.factory.support.AbstractAutowireCapableBeanFactory.doCreateBean(AbstractAutowireCapableBeanFactory.java:513)
	at org.springframework.beans.factory.support.AbstractAutowireCapableBeanFactory.createBean(AbstractAutowireCapableBeanFactory.java:483)
	at org.springframework.beans.factory.support.AbstractBeanFactory$1.getObject(AbstractBeanFactory.java:306)
	at org.springframework.beans.factory.support.DefaultSingletonBeanRegistry.getSingleton(DefaultSingletonBeanRegistry.java:230)
	at org.springframework.beans.factory.support.AbstractBeanFactory.doGetBean(AbstractBeanFactory.java:302)
	at org.springframework.beans.factory.support.AbstractBeanFactory.getBean(AbstractBeanFactory.java:197)
	at org.springframework.beans.factory.support.BeanDefinitionValueResolver.resolveReference(BeanDefinitionValueResolver.java:351)
	... 50 common frames omitted
Caused by: org.springframework.beans.BeanInstantiationException: Failed to instantiate [org.apache.ibatis.session.SqlSessionFactory]: Factory method 'sqlSessionFactoryBean' threw exception; nested exception is java.lang.IllegalArgumentException: Mybatis分页插件无法获取dialect参数!
	at org.springframework.beans.factory.support.SimpleInstantiationStrategy.instantiate(SimpleInstantiationStrategy.java:189)
	at org.springframework.beans.factory.support.ConstructorResolver.instantiateUsingFactoryMethod(ConstructorResolver.java:588)
	... 59 common frames omitted
Caused by: java.lang.IllegalArgumentException: Mybatis分页插件无法获取dialect参数!
	at com.github.pagehelper.SqlUtil.<init>(SqlUtil.java:91)
	at com.github.pagehelper.PageHelper.setProperties(PageHelper.java:143)
	at com.SpringBoot.ibats.interceptor.config.MyBatisConfig.sqlSessionFactoryBean(MyBatisConfig.java:44)
	at com.SpringBoot.ibats.interceptor.config.MyBatisConfig$$EnhancerBySpringCGLIB$$c034647a.CGLIB$sqlSessionFactoryBean$0(<generated>)
	at com.SpringBoot.ibats.interceptor.config.MyBatisConfig$$EnhancerBySpringCGLIB$$c034647a$$FastClassBySpringCGLIB$$bdfc6b0.invoke(<generated>)
	at org.springframework.cglib.proxy.MethodProxy.invokeSuper(MethodProxy.java:228)
	at org.springframework.context.annotation.ConfigurationClassEnhancer$BeanMethodInterceptor.intercept(ConfigurationClassEnhancer.java:358)
	at com.SpringBoot.ibats.interceptor.config.MyBatisConfig$$EnhancerBySpringCGLIB$$c034647a.sqlSessionFactoryBean(<generated>)
	at sun.reflect.NativeMethodAccessorImpl.invoke0(Native Method)
	at sun.reflect.NativeMethodAccessorImpl.invoke(NativeMethodAccessorImpl.java:62)
	at sun.reflect.DelegatingMethodAccessorImpl.invoke(DelegatingMethodAccessorImpl.java:43)
	at java.lang.reflect.Method.invoke(Method.java:498)
	at org.springframework.beans.factory.support.SimpleInstantiationStrategy.instantiate(SimpleInstantiationStrategy.java:162)
	... 60 common frames omitted
10:24:54:400 SpringBootJpa {restartedMain} INFO  com.start - Starting start on MS-20170612RTGD with PID 11548 (F:\SPF\idea\springbootibatis\target\classes started by Administrator in F:\SPF\idea\springbootibatis)
10:24:54:403 SpringBootJpa {restartedMain} INFO  com.start - The following profiles are active: dev
10:24:54:661 SpringBootJpa {background-preinit} INFO  o.h.validator.internal.util.Version - HV000001: Hibernate Validator 5.2.4.Final
10:24:54:664 SpringBootJpa {restartedMain} INFO  o.s.b.c.e.AnnotationConfigEmbeddedWebApplicationContext - Refreshing org.springframework.boot.context.embedded.AnnotationConfigEmbeddedWebApplicationContext@4567cfcb: startup date [Wed Jun 28 10:24:54 GMT+08:00 2017]; root of context hierarchy
10:24:56:512 SpringBootJpa {restartedMain} WARN  o.m.s.mapper.ClassPathMapperScanner - No MyBatis mapper was found in '[com.start]' package. Please check your configuration.
10:24:56:828 SpringBootJpa {restartedMain} INFO  o.s.c.s.PostProcessorRegistrationDelegate$BeanPostProcessorChecker - Bean 'org.springframework.transaction.annotation.ProxyTransactionManagementConfiguration' of type [org.springframework.transaction.annotation.ProxyTransactionManagementConfiguration$$EnhancerBySpringCGLIB$$9e02a1ad] is not eligible for getting processed by all BeanPostProcessors (for example: not eligible for auto-proxying)
10:24:57:353 SpringBootJpa {restartedMain} INFO  o.s.b.c.e.t.TomcatEmbeddedServletContainer - Tomcat initialized with port(s): 9485 (http)
10:24:57:365 SpringBootJpa {restartedMain} INFO  o.a.catalina.core.StandardService - Starting service Tomcat
10:24:57:366 SpringBootJpa {restartedMain} INFO  o.a.catalina.core.StandardEngine - Starting Servlet Engine: Apache Tomcat/8.5.11
10:24:57:467 SpringBootJpa {localhost-startStop-1} INFO  o.a.c.c.C.[Tomcat].[localhost].[/] - Initializing Spring embedded WebApplicationContext
10:24:57:468 SpringBootJpa {localhost-startStop-1} INFO  o.s.web.context.ContextLoader - Root WebApplicationContext: initialization completed in 2804 ms
10:24:57:632 SpringBootJpa {localhost-startStop-1} INFO  o.s.b.w.s.ServletRegistrationBean - Mapping servlet: 'dispatcherServlet' to [/]
10:24:57:640 SpringBootJpa {localhost-startStop-1} INFO  o.s.b.w.s.FilterRegistrationBean - Mapping filter: 'characterEncodingFilter' to: [/*]
10:24:57:640 SpringBootJpa {localhost-startStop-1} INFO  o.s.b.w.s.FilterRegistrationBean - Mapping filter: 'hiddenHttpMethodFilter' to: [/*]
10:24:57:641 SpringBootJpa {localhost-startStop-1} INFO  o.s.b.w.s.FilterRegistrationBean - Mapping filter: 'httpPutFormContentFilter' to: [/*]
10:24:57:641 SpringBootJpa {localhost-startStop-1} INFO  o.s.b.w.s.FilterRegistrationBean - Mapping filter: 'requestContextFilter' to: [/*]
10:24:57:714 SpringBootJpa {restartedMain} WARN  o.s.b.c.e.AnnotationConfigEmbeddedWebApplicationContext - Exception encountered during context initialization - cancelling refresh attempt: org.springframework.beans.factory.UnsatisfiedDependencyException: Error creating bean with name 'userController': Unsatisfied dependency expressed through field 'userService'; nested exception is org.springframework.beans.factory.UnsatisfiedDependencyException: Error creating bean with name 'userServiceImpl': Unsatisfied dependency expressed through field 'userMapper'; nested exception is org.springframework.beans.factory.NoSuchBeanDefinitionException: No qualifying bean of type 'com.SpringBoot.ibats.mapper.UserMapper' available: expected at least 1 bean which qualifies as autowire candidate. Dependency annotations: {@org.springframework.beans.factory.annotation.Autowired(required=true)}
10:24:57:716 SpringBootJpa {restartedMain} INFO  o.a.catalina.core.StandardService - Stopping service Tomcat
10:24:57:742 SpringBootJpa {restartedMain} INFO  o.s.b.a.l.AutoConfigurationReportLoggingInitializer - 

Error starting ApplicationContext. To display the auto-configuration report re-run your application with 'debug' enabled.
10:24:57:842 SpringBootJpa {restartedMain} ERROR o.s.b.d.LoggingFailureAnalysisReporter - 

***************************
APPLICATION FAILED TO START
***************************

Description:

Field userMapper in com.SpringBoot.ibats.service.impl.UserServiceImpl required a bean of type 'com.SpringBoot.ibats.mapper.UserMapper' that could not be found.


Action:

Consider defining a bean of type 'com.SpringBoot.ibats.mapper.UserMapper' in your configuration.

10:25:55:631 SpringBootJpa {restartedMain} INFO  com.start - Starting start on MS-20170612RTGD with PID 12352 (F:\SPF\idea\springbootibatis\target\classes started by Administrator in F:\SPF\idea\springbootibatis)
10:25:55:634 SpringBootJpa {restartedMain} INFO  com.start - The following profiles are active: dev
10:25:55:827 SpringBootJpa {background-preinit} INFO  o.h.validator.internal.util.Version - HV000001: Hibernate Validator 5.2.4.Final
10:25:56:021 SpringBootJpa {restartedMain} INFO  o.s.b.c.e.AnnotationConfigEmbeddedWebApplicationContext - Refreshing org.springframework.boot.context.embedded.AnnotationConfigEmbeddedWebApplicationContext@349aef5b: startup date [Wed Jun 28 10:25:56 GMT+08:00 2017]; root of context hierarchy
10:25:58:105 SpringBootJpa {restartedMain} INFO  o.s.c.s.PostProcessorRegistrationDelegate$BeanPostProcessorChecker - Bean 'org.springframework.transaction.annotation.ProxyTransactionManagementConfiguration' of type [org.springframework.transaction.annotation.ProxyTransactionManagementConfiguration$$EnhancerBySpringCGLIB$$1c8bfdba] is not eligible for getting processed by all BeanPostProcessors (for example: not eligible for auto-proxying)
10:25:58:636 SpringBootJpa {restartedMain} INFO  o.s.b.c.e.t.TomcatEmbeddedServletContainer - Tomcat initialized with port(s): 9485 (http)
10:25:58:649 SpringBootJpa {restartedMain} INFO  o.a.catalina.core.StandardService - Starting service Tomcat
10:25:58:650 SpringBootJpa {restartedMain} INFO  o.a.catalina.core.StandardEngine - Starting Servlet Engine: Apache Tomcat/8.5.11
10:25:58:743 SpringBootJpa {localhost-startStop-1} INFO  o.a.c.c.C.[Tomcat].[localhost].[/] - Initializing Spring embedded WebApplicationContext
10:25:58:744 SpringBootJpa {localhost-startStop-1} INFO  o.s.web.context.ContextLoader - Root WebApplicationContext: initialization completed in 2723 ms
10:25:58:964 SpringBootJpa {localhost-startStop-1} INFO  o.s.b.w.s.ServletRegistrationBean - Mapping servlet: 'dispatcherServlet' to [/]
10:25:58:968 SpringBootJpa {localhost-startStop-1} INFO  o.s.b.w.s.FilterRegistrationBean - Mapping filter: 'characterEncodingFilter' to: [/*]
10:25:58:969 SpringBootJpa {localhost-startStop-1} INFO  o.s.b.w.s.FilterRegistrationBean - Mapping filter: 'hiddenHttpMethodFilter' to: [/*]
10:25:58:969 SpringBootJpa {localhost-startStop-1} INFO  o.s.b.w.s.FilterRegistrationBean - Mapping filter: 'httpPutFormContentFilter' to: [/*]
10:25:58:969 SpringBootJpa {localhost-startStop-1} INFO  o.s.b.w.s.FilterRegistrationBean - Mapping filter: 'requestContextFilter' to: [/*]
10:25:59:522 SpringBootJpa {restartedMain} INFO  o.s.w.s.m.m.a.RequestMappingHandlerAdapter - Looking for @ControllerAdvice: org.springframework.boot.context.embedded.AnnotationConfigEmbeddedWebApplicationContext@349aef5b: startup date [Wed Jun 28 10:25:56 GMT+08:00 2017]; root of context hierarchy
10:25:59:530 SpringBootJpa {restartedMain} INFO  o.s.w.s.m.m.a.RequestMappingHandlerAdapter - Detected ResponseBodyAdvice bean in fastJsonpResponseBodyAdvice
10:25:59:715 SpringBootJpa {restartedMain} INFO  o.s.w.s.m.m.a.RequestMappingHandlerMapping - Mapped "{[/]}" onto public org.springframework.web.servlet.ModelAndView com.SpringBoot.ibats.controller.IndexController.index(org.springframework.ui.ModelMap)
10:25:59:716 SpringBootJpa {restartedMain} INFO  o.s.w.s.m.m.a.RequestMappingHandlerMapping - Mapped "{[/findAll]}" onto public void com.SpringBoot.ibats.controller.UserController.findAll()
10:25:59:716 SpringBootJpa {restartedMain} INFO  o.s.w.s.m.m.a.RequestMappingHandlerMapping - Mapped "{[/now]}" onto java.lang.String com.SpringBoot.ibats.test.Test1.hehe()
10:25:59:718 SpringBootJpa {restartedMain} INFO  o.s.w.s.m.m.a.RequestMappingHandlerMapping - Mapped "{[/error]}" onto public org.springframework.http.ResponseEntity<java.util.Map<java.lang.String, java.lang.Object>> org.springframework.boot.autoconfigure.web.BasicErrorController.error(javax.servlet.http.HttpServletRequest)
10:25:59:719 SpringBootJpa {restartedMain} INFO  o.s.w.s.m.m.a.RequestMappingHandlerMapping - Mapped "{[/error],produces=[text/html]}" onto public org.springframework.web.servlet.ModelAndView org.springframework.boot.autoconfigure.web.BasicErrorController.errorHtml(javax.servlet.http.HttpServletRequest,javax.servlet.http.HttpServletResponse)
10:25:59:767 SpringBootJpa {restartedMain} INFO  o.s.w.s.m.m.a.ExceptionHandlerExceptionResolver - Detected ResponseBodyAdvice implementation in fastJsonpResponseBodyAdvice
10:25:59:808 SpringBootJpa {restartedMain} INFO  o.s.w.s.h.SimpleUrlHandlerMapping - Mapped URL path [/**/favicon.ico] onto handler of type [class org.springframework.web.servlet.resource.ResourceHttpRequestHandler]
10:26:00:372 SpringBootJpa {restartedMain} WARN  o.s.b.d.a.OptionalLiveReloadServer - Unable to start LiveReload server
10:26:00:521 SpringBootJpa {restartedMain} INFO  o.s.j.e.a.AnnotationMBeanExporter - Registering beans for JMX exposure on startup
10:26:00:522 SpringBootJpa {restartedMain} INFO  o.s.j.e.a.AnnotationMBeanExporter - Bean with name 'dataSource' has been autodetected for JMX exposure
10:26:00:527 SpringBootJpa {restartedMain} INFO  o.s.j.e.a.AnnotationMBeanExporter - Located MBean 'dataSource': registering with JMX server as MBean [com.alibaba.druid.pool:name=dataSource,type=DruidDataSource]
10:26:00:544 SpringBootJpa {restartedMain} INFO  o.a.coyote.http11.Http11NioProtocol - Initializing ProtocolHandler ["http-nio-9485"]
10:26:00:555 SpringBootJpa {restartedMain} INFO  o.a.coyote.http11.Http11NioProtocol - Starting ProtocolHandler [http-nio-9485]
10:26:00:568 SpringBootJpa {restartedMain} INFO  o.a.tomcat.util.net.NioSelectorPool - Using a shared selector for servlet write/read
10:26:00:590 SpringBootJpa {restartedMain} INFO  o.s.b.c.e.t.TomcatEmbeddedServletContainer - Tomcat started on port(s): 9485 (http)
10:26:00:595 SpringBootJpa {restartedMain} INFO  com.start - Started start in 5.58 seconds (JVM running for 5.987)
